{"D:\\Program Files\\AnitiGravity\\chatsystem\\server\\server.js": {"path":"D:\\Program Files\\AnitiGravity\\chatsystem\\server\\server.js","statementMap":{"0":{"start":{"line":1,"column":16},"end":{"line":1,"column":34}},"1":{"start":{"line":2,"column":13},"end":{"line":2,"column":28}},"2":{"start":{"line":3,"column":19},"end":{"line":3,"column":39}},"3":{"start":{"line":4,"column":13},"end":{"line":4,"column":28}},"4":{"start":{"line":5,"column":15},"end":{"line":5,"column":32}},"5":{"start":{"line":6,"column":17},"end":{"line":6,"column":43}},"6":{"start":{"line":7,"column":11},"end":{"line":7,"column":33}},"7":{"start":{"line":8,"column":15},"end":{"line":8,"column":28}},"8":{"start":{"line":9,"column":13},"end":{"line":9,"column":28}},"9":{"start":{"line":12,"column":15},"end":{"line":12,"column":34}},"10":{"start":{"line":13,"column":15},"end":{"line":13,"column":40}},"11":{"start":{"line":14,"column":50},"end":{"line":14,"column":81}},"12":{"start":{"line":15,"column":35},"end":{"line":15,"column":69}},"13":{"start":{"line":16,"column":43},"end":{"line":16,"column":78}},"14":{"start":{"line":18,"column":12},"end":{"line":18,"column":21}},"15":{"start":{"line":19,"column":13},"end":{"line":19,"column":31}},"16":{"start":{"line":20,"column":18},"end":{"line":20,"column":56}},"17":{"start":{"line":23,"column":0},"end":{"line":26,"column":4}},"18":{"start":{"line":27,"column":0},"end":{"line":27,"column":24}},"19":{"start":{"line":30,"column":15},"end":{"line":30,"column":37}},"20":{"start":{"line":33,"column":11},"end":{"line":39,"column":2}},"21":{"start":{"line":42,"column":12},"end":{"line":44,"column":1}},"22":{"start":{"line":45,"column":19},"end":{"line":45,"column":21}},"23":{"start":{"line":48,"column":22},"end":{"line":48,"column":31}},"24":{"start":{"line":56,"column":2},"end":{"line":66,"column":3}},"25":{"start":{"line":57,"column":4},"end":{"line":63,"column":5}},"26":{"start":{"line":58,"column":19},"end":{"line":58,"column":55}},"27":{"start":{"line":59,"column":6},"end":{"line":59,"column":31}},"28":{"start":{"line":60,"column":6},"end":{"line":60,"column":48}},"29":{"start":{"line":62,"column":6},"end":{"line":62,"column":65}},"30":{"start":{"line":65,"column":4},"end":{"line":65,"column":50}},"31":{"start":{"line":72,"column":26},"end":{"line":90,"column":8}},"32":{"start":{"line":73,"column":2},"end":{"line":89,"column":3}},"33":{"start":{"line":74,"column":23},"end":{"line":74,"column":25}},"34":{"start":{"line":75,"column":4},"end":{"line":84,"column":5}},"35":{"start":{"line":76,"column":6},"end":{"line":83,"column":8}},"36":{"start":{"line":85,"column":4},"end":{"line":85,"column":71}},"37":{"start":{"line":86,"column":4},"end":{"line":86,"column":44}},"38":{"start":{"line":88,"column":4},"end":{"line":88,"column":49}},"39":{"start":{"line":93,"column":0},"end":{"line":100,"column":3}},"40":{"start":{"line":95,"column":2},"end":{"line":97,"column":5}},"41":{"start":{"line":96,"column":4},"end":{"line":96,"column":29}},"42":{"start":{"line":99,"column":2},"end":{"line":99,"column":49}},"43":{"start":{"line":104,"column":0},"end":{"line":469,"column":3}},"44":{"start":{"line":105,"column":2},"end":{"line":105,"column":46}},"45":{"start":{"line":108,"column":2},"end":{"line":108,"column":42}},"46":{"start":{"line":110,"column":2},"end":{"line":154,"column":5}},"47":{"start":{"line":111,"column":4},"end":{"line":153,"column":5}},"48":{"start":{"line":113,"column":6},"end":{"line":116,"column":7}},"49":{"start":{"line":114,"column":8},"end":{"line":114,"column":78}},"50":{"start":{"line":115,"column":8},"end":{"line":115,"column":15}},"51":{"start":{"line":119,"column":57},"end":{"line":119,"column":87}},"52":{"start":{"line":120,"column":6},"end":{"line":123,"column":7}},"53":{"start":{"line":121,"column":8},"end":{"line":121,"column":48}},"54":{"start":{"line":122,"column":8},"end":{"line":122,"column":15}},"55":{"start":{"line":126,"column":6},"end":{"line":132,"column":7}},"56":{"start":{"line":127,"column":37},"end":{"line":127,"column":67}},"57":{"start":{"line":128,"column":8},"end":{"line":131,"column":9}},"58":{"start":{"line":129,"column":10},"end":{"line":129,"column":50}},"59":{"start":{"line":130,"column":10},"end":{"line":130,"column":17}},"60":{"start":{"line":135,"column":27},"end":{"line":135,"column":104}},"61":{"start":{"line":135,"column":56},"end":{"line":135,"column":103}},"62":{"start":{"line":136,"column":6},"end":{"line":139,"column":7}},"63":{"start":{"line":137,"column":8},"end":{"line":137,"column":92}},"64":{"start":{"line":138,"column":8},"end":{"line":138,"column":15}},"65":{"start":{"line":142,"column":29},"end":{"line":142,"column":104}},"66":{"start":{"line":144,"column":6},"end":{"line":144,"column":94}},"67":{"start":{"line":145,"column":6},"end":{"line":145,"column":26}},"68":{"start":{"line":147,"column":6},"end":{"line":147,"column":42}},"69":{"start":{"line":148,"column":6},"end":{"line":148,"column":48}},"70":{"start":{"line":150,"column":6},"end":{"line":150,"column":92}},"71":{"start":{"line":152,"column":6},"end":{"line":152,"column":52}},"72":{"start":{"line":156,"column":2},"end":{"line":186,"column":5}},"73":{"start":{"line":157,"column":4},"end":{"line":185,"column":5}},"74":{"start":{"line":158,"column":6},"end":{"line":180,"column":7}},"75":{"start":{"line":160,"column":59},"end":{"line":160,"column":89}},"76":{"start":{"line":161,"column":8},"end":{"line":164,"column":9}},"77":{"start":{"line":162,"column":10},"end":{"line":162,"column":50}},"78":{"start":{"line":163,"column":10},"end":{"line":163,"column":17}},"79":{"start":{"line":167,"column":24},"end":{"line":171,"column":9}},"80":{"start":{"line":168,"column":10},"end":{"line":170,"column":71}},"81":{"start":{"line":173,"column":8},"end":{"line":176,"column":9}},"82":{"start":{"line":174,"column":10},"end":{"line":174,"column":81}},"83":{"start":{"line":175,"column":10},"end":{"line":175,"column":17}},"84":{"start":{"line":178,"column":8},"end":{"line":178,"column":45}},"85":{"start":{"line":179,"column":8},"end":{"line":179,"column":52}},"86":{"start":{"line":182,"column":6},"end":{"line":182,"column":49}},"87":{"start":{"line":184,"column":6},"end":{"line":184,"column":50}},"88":{"start":{"line":188,"column":2},"end":{"line":199,"column":5}},"89":{"start":{"line":189,"column":4},"end":{"line":198,"column":5}},"90":{"start":{"line":190,"column":6},"end":{"line":190,"column":66}},"91":{"start":{"line":191,"column":6},"end":{"line":191,"column":29}},"92":{"start":{"line":192,"column":6},"end":{"line":194,"column":7}},"93":{"start":{"line":193,"column":8},"end":{"line":193,"column":39}},"94":{"start":{"line":195,"column":6},"end":{"line":195,"column":31}},"95":{"start":{"line":197,"column":6},"end":{"line":197,"column":51}},"96":{"start":{"line":201,"column":2},"end":{"line":237,"column":5}},"97":{"start":{"line":202,"column":4},"end":{"line":236,"column":5}},"98":{"start":{"line":204,"column":46},"end":{"line":204,"column":79}},"99":{"start":{"line":205,"column":6},"end":{"line":208,"column":7}},"100":{"start":{"line":206,"column":8},"end":{"line":206,"column":44}},"101":{"start":{"line":207,"column":8},"end":{"line":207,"column":15}},"102":{"start":{"line":211,"column":22},"end":{"line":215,"column":7}},"103":{"start":{"line":212,"column":8},"end":{"line":214,"column":69}},"104":{"start":{"line":217,"column":6},"end":{"line":220,"column":7}},"105":{"start":{"line":218,"column":8},"end":{"line":218,"column":55}},"106":{"start":{"line":219,"column":8},"end":{"line":219,"column":15}},"107":{"start":{"line":222,"column":22},"end":{"line":222,"column":42}},"108":{"start":{"line":225,"column":6},"end":{"line":227,"column":7}},"109":{"start":{"line":226,"column":8},"end":{"line":226,"column":38}},"110":{"start":{"line":228,"column":6},"end":{"line":228,"column":50}},"111":{"start":{"line":230,"column":6},"end":{"line":230,"column":43}},"112":{"start":{"line":231,"column":6},"end":{"line":231,"column":29}},"113":{"start":{"line":233,"column":6},"end":{"line":233,"column":70}},"114":{"start":{"line":235,"column":6},"end":{"line":235,"column":56}},"115":{"start":{"line":239,"column":2},"end":{"line":257,"column":5}},"116":{"start":{"line":240,"column":4},"end":{"line":256,"column":5}},"117":{"start":{"line":241,"column":6},"end":{"line":253,"column":7}},"118":{"start":{"line":242,"column":48},"end":{"line":242,"column":78}},"119":{"start":{"line":243,"column":8},"end":{"line":246,"column":9}},"120":{"start":{"line":244,"column":10},"end":{"line":244,"column":46}},"121":{"start":{"line":245,"column":10},"end":{"line":245,"column":17}},"122":{"start":{"line":248,"column":8},"end":{"line":248,"column":45}},"123":{"start":{"line":249,"column":8},"end":{"line":249,"column":52}},"124":{"start":{"line":250,"column":8},"end":{"line":250,"column":31}},"125":{"start":{"line":252,"column":8},"end":{"line":252,"column":57}},"126":{"start":{"line":255,"column":6},"end":{"line":255,"column":54}},"127":{"start":{"line":259,"column":2},"end":{"line":262,"column":5}},"128":{"start":{"line":260,"column":4},"end":{"line":260,"column":28}},"129":{"start":{"line":261,"column":4},"end":{"line":261,"column":68}},"130":{"start":{"line":264,"column":2},"end":{"line":338,"column":5}},"131":{"start":{"line":265,"column":4},"end":{"line":337,"column":5}},"132":{"start":{"line":267,"column":6},"end":{"line":270,"column":7}},"133":{"start":{"line":268,"column":8},"end":{"line":268,"column":69}},"134":{"start":{"line":269,"column":8},"end":{"line":269,"column":15}},"135":{"start":{"line":273,"column":45},"end":{"line":273,"column":78}},"136":{"start":{"line":274,"column":6},"end":{"line":277,"column":7}},"137":{"start":{"line":275,"column":8},"end":{"line":275,"column":44}},"138":{"start":{"line":276,"column":8},"end":{"line":276,"column":15}},"139":{"start":{"line":280,"column":28},"end":{"line":280,"column":54}},"140":{"start":{"line":283,"column":6},"end":{"line":303,"column":7}},"141":{"start":{"line":284,"column":29},"end":{"line":284,"column":63}},"142":{"start":{"line":285,"column":30},"end":{"line":285,"column":80}},"143":{"start":{"line":285,"column":53},"end":{"line":285,"column":79}},"144":{"start":{"line":287,"column":8},"end":{"line":302,"column":9}},"145":{"start":{"line":288,"column":36},"end":{"line":288,"column":68}},"146":{"start":{"line":289,"column":10},"end":{"line":301,"column":11}},"147":{"start":{"line":290,"column":36},"end":{"line":290,"column":77}},"148":{"start":{"line":291,"column":12},"end":{"line":300,"column":13}},"149":{"start":{"line":292,"column":14},"end":{"line":298,"column":17}},"150":{"start":{"line":299,"column":14},"end":{"line":299,"column":21}},"151":{"start":{"line":306,"column":22},"end":{"line":306,"column":67}},"152":{"start":{"line":307,"column":6},"end":{"line":310,"column":7}},"153":{"start":{"line":308,"column":8},"end":{"line":308,"column":47}},"154":{"start":{"line":309,"column":8},"end":{"line":309,"column":28}},"155":{"start":{"line":313,"column":6},"end":{"line":313,"column":52}},"156":{"start":{"line":316,"column":6},"end":{"line":334,"column":7}},"157":{"start":{"line":317,"column":27},"end":{"line":317,"column":56}},"158":{"start":{"line":319,"column":8},"end":{"line":321,"column":9}},"159":{"start":{"line":320,"column":10},"end":{"line":320,"column":64}},"160":{"start":{"line":323,"column":30},"end":{"line":323,"column":88}},"161":{"start":{"line":323,"column":61},"end":{"line":323,"column":87}},"162":{"start":{"line":325,"column":8},"end":{"line":333,"column":9}},"163":{"start":{"line":326,"column":36},"end":{"line":326,"column":68}},"164":{"start":{"line":327,"column":10},"end":{"line":332,"column":11}},"165":{"start":{"line":328,"column":36},"end":{"line":328,"column":77}},"166":{"start":{"line":329,"column":12},"end":{"line":331,"column":13}},"167":{"start":{"line":330,"column":14},"end":{"line":330,"column":60}},"168":{"start":{"line":336,"column":6},"end":{"line":336,"column":53}},"169":{"start":{"line":340,"column":2},"end":{"line":405,"column":5}},"170":{"start":{"line":341,"column":4},"end":{"line":341,"column":51}},"171":{"start":{"line":344,"column":4},"end":{"line":344,"column":41}},"172":{"start":{"line":346,"column":4},"end":{"line":348,"column":5}},"173":{"start":{"line":347,"column":6},"end":{"line":347,"column":77}},"174":{"start":{"line":350,"column":21},"end":{"line":350,"column":41}},"175":{"start":{"line":351,"column":4},"end":{"line":398,"column":5}},"176":{"start":{"line":353,"column":6},"end":{"line":353,"column":37}},"177":{"start":{"line":356,"column":6},"end":{"line":396,"column":9}},"178":{"start":{"line":357,"column":8},"end":{"line":395,"column":9}},"179":{"start":{"line":358,"column":28},"end":{"line":358,"column":82}},"180":{"start":{"line":358,"column":67},"end":{"line":358,"column":81}},"181":{"start":{"line":359,"column":10},"end":{"line":359,"column":99}},"182":{"start":{"line":361,"column":10},"end":{"line":373,"column":11}},"183":{"start":{"line":362,"column":34},"end":{"line":362,"column":62}},"184":{"start":{"line":363,"column":12},"end":{"line":372,"column":13}},"185":{"start":{"line":364,"column":34},"end":{"line":364,"column":71}},"186":{"start":{"line":365,"column":14},"end":{"line":371,"column":15}},"187":{"start":{"line":366,"column":16},"end":{"line":370,"column":19}},"188":{"start":{"line":375,"column":10},"end":{"line":394,"column":20}},"189":{"start":{"line":376,"column":12},"end":{"line":393,"column":13}},"190":{"start":{"line":377,"column":14},"end":{"line":377,"column":75}},"191":{"start":{"line":379,"column":14},"end":{"line":390,"column":15}},"192":{"start":{"line":380,"column":38},"end":{"line":380,"column":66}},"193":{"start":{"line":381,"column":16},"end":{"line":389,"column":17}},"194":{"start":{"line":382,"column":38},"end":{"line":382,"column":75}},"195":{"start":{"line":383,"column":18},"end":{"line":388,"column":19}},"196":{"start":{"line":384,"column":20},"end":{"line":387,"column":23}},"197":{"start":{"line":391,"column":14},"end":{"line":391,"column":37}},"198":{"start":{"line":392,"column":14},"end":{"line":392,"column":34}},"199":{"start":{"line":397,"column":6},"end":{"line":397,"column":26}},"200":{"start":{"line":400,"column":4},"end":{"line":400,"column":27}},"201":{"start":{"line":402,"column":4},"end":{"line":404,"column":5}},"202":{"start":{"line":403,"column":6},"end":{"line":403,"column":46}},"203":{"start":{"line":408,"column":2},"end":{"line":447,"column":5}},"204":{"start":{"line":409,"column":4},"end":{"line":446,"column":5}},"205":{"start":{"line":410,"column":6},"end":{"line":410,"column":83}},"206":{"start":{"line":411,"column":29},"end":{"line":411,"column":49}},"207":{"start":{"line":413,"column":6},"end":{"line":416,"column":7}},"208":{"start":{"line":414,"column":8},"end":{"line":414,"column":48}},"209":{"start":{"line":415,"column":8},"end":{"line":415,"column":15}},"210":{"start":{"line":419,"column":29},"end":{"line":419,"column":62}},"211":{"start":{"line":420,"column":27},"end":{"line":420,"column":89}},"212":{"start":{"line":422,"column":6},"end":{"line":443,"column":7}},"213":{"start":{"line":423,"column":8},"end":{"line":423,"column":60}},"214":{"start":{"line":425,"column":29},"end":{"line":425,"column":68}},"215":{"start":{"line":426,"column":27},"end":{"line":426,"column":57}},"216":{"start":{"line":427,"column":8},"end":{"line":427,"column":52}},"217":{"start":{"line":429,"column":8},"end":{"line":437,"column":9}},"218":{"start":{"line":430,"column":10},"end":{"line":430,"column":62}},"219":{"start":{"line":431,"column":10},"end":{"line":435,"column":12}},"220":{"start":{"line":436,"column":10},"end":{"line":436,"column":30}},"221":{"start":{"line":439,"column":8},"end":{"line":439,"column":43}},"222":{"start":{"line":441,"column":8},"end":{"line":441,"column":63}},"223":{"start":{"line":442,"column":8},"end":{"line":442,"column":58}},"224":{"start":{"line":445,"column":6},"end":{"line":445,"column":49}},"225":{"start":{"line":449,"column":2},"end":{"line":468,"column":5}},"226":{"start":{"line":450,"column":4},"end":{"line":467,"column":5}},"227":{"start":{"line":451,"column":6},"end":{"line":451,"column":95}},"228":{"start":{"line":453,"column":29},"end":{"line":453,"column":62}},"229":{"start":{"line":454,"column":27},"end":{"line":454,"column":89}},"230":{"start":{"line":456,"column":6},"end":{"line":464,"column":7}},"231":{"start":{"line":457,"column":8},"end":{"line":460,"column":11}},"232":{"start":{"line":461,"column":8},"end":{"line":461,"column":61}},"233":{"start":{"line":463,"column":8},"end":{"line":463,"column":67}},"234":{"start":{"line":466,"column":6},"end":{"line":466,"column":55}},"235":{"start":{"line":474,"column":15},"end":{"line":474,"column":30}},"236":{"start":{"line":475,"column":2},"end":{"line":478,"column":3}},"237":{"start":{"line":476,"column":4},"end":{"line":476,"column":43}},"238":{"start":{"line":477,"column":4},"end":{"line":477,"column":11}},"239":{"start":{"line":481,"column":2},"end":{"line":492,"column":3}},"240":{"start":{"line":482,"column":4},"end":{"line":485,"column":5}},"241":{"start":{"line":483,"column":6},"end":{"line":483,"column":48}},"242":{"start":{"line":484,"column":6},"end":{"line":484,"column":13}},"243":{"start":{"line":487,"column":20},"end":{"line":487,"column":65}},"244":{"start":{"line":488,"column":4},"end":{"line":491,"column":5}},"245":{"start":{"line":489,"column":6},"end":{"line":489,"column":49}},"246":{"start":{"line":490,"column":6},"end":{"line":490,"column":13}},"247":{"start":{"line":495,"column":2},"end":{"line":495,"column":83}},"248":{"start":{"line":496,"column":2},"end":{"line":502,"column":5}},"249":{"start":{"line":497,"column":4},"end":{"line":501,"column":5}},"250":{"start":{"line":498,"column":6},"end":{"line":498,"column":59}},"251":{"start":{"line":499,"column":6},"end":{"line":499,"column":22}},"252":{"start":{"line":500,"column":6},"end":{"line":500,"column":24}},"253":{"start":{"line":504,"column":2},"end":{"line":504,"column":62}},"254":{"start":{"line":505,"column":2},"end":{"line":505,"column":24}},"255":{"start":{"line":506,"column":2},"end":{"line":506,"column":37}},"256":{"start":{"line":507,"column":2},"end":{"line":507,"column":39}},"257":{"start":{"line":510,"column":2},"end":{"line":525,"column":3}},"258":{"start":{"line":511,"column":22},"end":{"line":517,"column":5}},"259":{"start":{"line":519,"column":4},"end":{"line":522,"column":5}},"260":{"start":{"line":520,"column":6},"end":{"line":520,"column":47}},"261":{"start":{"line":521,"column":6},"end":{"line":521,"column":26}},"262":{"start":{"line":524,"column":4},"end":{"line":524,"column":52}},"263":{"start":{"line":528,"column":2},"end":{"line":528,"column":45}},"264":{"start":{"line":529,"column":2},"end":{"line":529,"column":25}},"265":{"start":{"line":530,"column":2},"end":{"line":530,"column":27}},"266":{"start":{"line":534,"column":18},"end":{"line":534,"column":41}},"267":{"start":{"line":535,"column":16},"end":{"line":540,"column":7}},"268":{"start":{"line":536,"column":17},"end":{"line":536,"column":32}},"269":{"start":{"line":537,"column":15},"end":{"line":540,"column":5}},"270":{"start":{"line":543,"column":25},"end":{"line":543,"column":34}},"271":{"start":{"line":544,"column":2},"end":{"line":544,"column":56}},"272":{"start":{"line":544,"column":21},"end":{"line":544,"column":54}},"273":{"start":{"line":545,"column":22},"end":{"line":545,"column":57}},"274":{"start":{"line":547,"column":2},"end":{"line":547,"column":36}},"275":{"start":{"line":551,"column":2},"end":{"line":558,"column":8}},"276":{"start":{"line":552,"column":20},"end":{"line":552,"column":75}},"277":{"start":{"line":553,"column":18},"end":{"line":558,"column":5}},"278":{"start":{"line":563,"column":2},"end":{"line":563,"column":41}},"279":{"start":{"line":563,"column":34},"end":{"line":563,"column":41}},"280":{"start":{"line":564,"column":2},"end":{"line":564,"column":31}},"281":{"start":{"line":564,"column":24},"end":{"line":564,"column":31}},"282":{"start":{"line":565,"column":2},"end":{"line":565,"column":76}},"283":{"start":{"line":565,"column":69},"end":{"line":565,"column":76}},"284":{"start":{"line":567,"column":18},"end":{"line":567,"column":54}},"285":{"start":{"line":568,"column":2},"end":{"line":624,"column":3}},"286":{"start":{"line":569,"column":4},"end":{"line":610,"column":5}},"287":{"start":{"line":570,"column":30},"end":{"line":572,"column":46}},"288":{"start":{"line":574,"column":6},"end":{"line":574,"column":60}},"289":{"start":{"line":575,"column":6},"end":{"line":575,"column":92}},"290":{"start":{"line":577,"column":6},"end":{"line":577,"column":67}},"291":{"start":{"line":577,"column":32},"end":{"line":577,"column":67}},"292":{"start":{"line":579,"column":6},"end":{"line":587,"column":26}},"293":{"start":{"line":580,"column":8},"end":{"line":586,"column":9}},"294":{"start":{"line":581,"column":10},"end":{"line":581,"column":71}},"295":{"start":{"line":582,"column":10},"end":{"line":582,"column":33}},"296":{"start":{"line":583,"column":10},"end":{"line":583,"column":38}},"297":{"start":{"line":584,"column":10},"end":{"line":584,"column":30}},"298":{"start":{"line":585,"column":10},"end":{"line":585,"column":46}},"299":{"start":{"line":589,"column":6},"end":{"line":589,"column":26}},"300":{"start":{"line":590,"column":6},"end":{"line":590,"column":42}},"301":{"start":{"line":591,"column":11},"end":{"line":610,"column":5}},"302":{"start":{"line":592,"column":28},"end":{"line":592,"column":63}},"303":{"start":{"line":593,"column":6},"end":{"line":609,"column":7}},"304":{"start":{"line":594,"column":8},"end":{"line":594,"column":98}},"305":{"start":{"line":595,"column":8},"end":{"line":603,"column":26}},"306":{"start":{"line":596,"column":10},"end":{"line":602,"column":11}},"307":{"start":{"line":597,"column":12},"end":{"line":597,"column":73}},"308":{"start":{"line":598,"column":12},"end":{"line":598,"column":35}},"309":{"start":{"line":599,"column":12},"end":{"line":599,"column":40}},"310":{"start":{"line":600,"column":12},"end":{"line":600,"column":32}},"311":{"start":{"line":601,"column":12},"end":{"line":601,"column":48}},"312":{"start":{"line":605,"column":8},"end":{"line":605,"column":79}},"313":{"start":{"line":606,"column":8},"end":{"line":606,"column":31}},"314":{"start":{"line":607,"column":8},"end":{"line":607,"column":28}},"315":{"start":{"line":608,"column":8},"end":{"line":608,"column":44}},"316":{"start":{"line":612,"column":4},"end":{"line":623,"column":5}},"317":{"start":{"line":613,"column":6},"end":{"line":613,"column":77}},"318":{"start":{"line":615,"column":6},"end":{"line":618,"column":7}},"319":{"start":{"line":616,"column":8},"end":{"line":616,"column":43}},"320":{"start":{"line":617,"column":8},"end":{"line":617,"column":36}},"321":{"start":{"line":620,"column":6},"end":{"line":620,"column":36}},"322":{"start":{"line":621,"column":6},"end":{"line":621,"column":26}},"323":{"start":{"line":622,"column":6},"end":{"line":622,"column":42}},"324":{"start":{"line":630,"column":0},"end":{"line":648,"column":3}},"325":{"start":{"line":631,"column":23},"end":{"line":631,"column":32}},"326":{"start":{"line":633,"column":2},"end":{"line":635,"column":3}},"327":{"start":{"line":634,"column":4},"end":{"line":634,"column":64}},"328":{"start":{"line":637,"column":20},"end":{"line":637,"column":50}},"329":{"start":{"line":638,"column":2},"end":{"line":640,"column":3}},"330":{"start":{"line":639,"column":4},"end":{"line":639,"column":76}},"331":{"start":{"line":642,"column":18},"end":{"line":645,"column":3}},"332":{"start":{"line":643,"column":4},"end":{"line":644,"column":60}},"333":{"start":{"line":647,"column":2},"end":{"line":647,"column":36}},"334":{"start":{"line":651,"column":0},"end":{"line":657,"column":3}},"335":{"start":{"line":652,"column":2},"end":{"line":656,"column":5}},"336":{"start":{"line":660,"column":0},"end":{"line":662,"column":3}},"337":{"start":{"line":661,"column":2},"end":{"line":661,"column":37}},"338":{"start":{"line":665,"column":0},"end":{"line":665,"column":28}},"339":{"start":{"line":668,"column":0},"end":{"line":671,"column":3}},"340":{"start":{"line":669,"column":2},"end":{"line":669,"column":51}},"341":{"start":{"line":670,"column":2},"end":{"line":670,"column":55}},"342":{"start":{"line":674,"column":0},"end":{"line":684,"column":3}},"343":{"start":{"line":675,"column":2},"end":{"line":675,"column":63}},"344":{"start":{"line":678,"column":2},"end":{"line":678,"column":34}},"345":{"start":{"line":680,"column":2},"end":{"line":683,"column":5}},"346":{"start":{"line":681,"column":4},"end":{"line":681,"column":33}},"347":{"start":{"line":682,"column":4},"end":{"line":682,"column":20}}},"fnMap":{"0":{"name":"loadData","decl":{"start":{"line":55,"column":15},"end":{"line":55,"column":23}},"loc":{"start":{"line":55,"column":26},"end":{"line":67,"column":1}},"line":55},"1":{"name":"(anonymous_1)","decl":{"start":{"line":72,"column":35},"end":{"line":72,"column":36}},"loc":{"start":{"line":72,"column":47},"end":{"line":90,"column":1}},"line":72},"2":{"name":"(anonymous_2)","decl":{"start":{"line":93,"column":16},"end":{"line":93,"column":17}},"loc":{"start":{"line":93,"column":22},"end":{"line":100,"column":1}},"line":93},"3":{"name":"(anonymous_3)","decl":{"start":{"line":95,"column":29},"end":{"line":95,"column":30}},"loc":{"start":{"line":95,"column":41},"end":{"line":97,"column":3}},"line":95},"4":{"name":"(anonymous_4)","decl":{"start":{"line":104,"column":20},"end":{"line":104,"column":21}},"loc":{"start":{"line":104,"column":32},"end":{"line":469,"column":1}},"line":104},"5":{"name":"(anonymous_5)","decl":{"start":{"line":110,"column":27},"end":{"line":110,"column":28}},"loc":{"start":{"line":110,"column":67},"end":{"line":154,"column":3}},"line":110},"6":{"name":"(anonymous_6)","decl":{"start":{"line":135,"column":51},"end":{"line":135,"column":52}},"loc":{"start":{"line":135,"column":56},"end":{"line":135,"column":103}},"line":135},"7":{"name":"(anonymous_7)","decl":{"start":{"line":156,"column":25},"end":{"line":156,"column":26}},"loc":{"start":{"line":156,"column":69},"end":{"line":186,"column":3}},"line":156},"8":{"name":"(anonymous_8)","decl":{"start":{"line":167,"column":69},"end":{"line":167,"column":70}},"loc":{"start":{"line":168,"column":10},"end":{"line":170,"column":71}},"line":168},"9":{"name":"(anonymous_9)","decl":{"start":{"line":188,"column":26},"end":{"line":188,"column":27}},"loc":{"start":{"line":188,"column":44},"end":{"line":199,"column":3}},"line":188},"10":{"name":"(anonymous_10)","decl":{"start":{"line":201,"column":31},"end":{"line":201,"column":32}},"loc":{"start":{"line":201,"column":52},"end":{"line":237,"column":3}},"line":201},"11":{"name":"(anonymous_11)","decl":{"start":{"line":211,"column":67},"end":{"line":211,"column":68}},"loc":{"start":{"line":212,"column":8},"end":{"line":214,"column":69}},"line":212},"12":{"name":"(anonymous_12)","decl":{"start":{"line":239,"column":29},"end":{"line":239,"column":30}},"loc":{"start":{"line":239,"column":47},"end":{"line":257,"column":3}},"line":239},"13":{"name":"(anonymous_13)","decl":{"start":{"line":259,"column":29},"end":{"line":259,"column":30}},"loc":{"start":{"line":259,"column":42},"end":{"line":262,"column":3}},"line":259},"14":{"name":"(anonymous_14)","decl":{"start":{"line":264,"column":28},"end":{"line":264,"column":29}},"loc":{"start":{"line":264,"column":58},"end":{"line":338,"column":3}},"line":264},"15":{"name":"(anonymous_15)","decl":{"start":{"line":285,"column":48},"end":{"line":285,"column":49}},"loc":{"start":{"line":285,"column":53},"end":{"line":285,"column":79}},"line":285},"16":{"name":"(anonymous_16)","decl":{"start":{"line":323,"column":56},"end":{"line":323,"column":57}},"loc":{"start":{"line":323,"column":61},"end":{"line":323,"column":87}},"line":323},"17":{"name":"(anonymous_17)","decl":{"start":{"line":340,"column":26},"end":{"line":340,"column":27}},"loc":{"start":{"line":340,"column":32},"end":{"line":405,"column":3}},"line":340},"18":{"name":"(anonymous_18)","decl":{"start":{"line":356,"column":33},"end":{"line":356,"column":34}},"loc":{"start":{"line":356,"column":45},"end":{"line":396,"column":7}},"line":356},"19":{"name":"(anonymous_19)","decl":{"start":{"line":358,"column":62},"end":{"line":358,"column":63}},"loc":{"start":{"line":358,"column":67},"end":{"line":358,"column":81}},"line":358},"20":{"name":"(anonymous_20)","decl":{"start":{"line":375,"column":21},"end":{"line":375,"column":22}},"loc":{"start":{"line":375,"column":27},"end":{"line":394,"column":11}},"line":375},"21":{"name":"(anonymous_21)","decl":{"start":{"line":408,"column":24},"end":{"line":408,"column":25}},"loc":{"start":{"line":408,"column":48},"end":{"line":447,"column":3}},"line":408},"22":{"name":"(anonymous_22)","decl":{"start":{"line":449,"column":30},"end":{"line":449,"column":31}},"loc":{"start":{"line":449,"column":64},"end":{"line":468,"column":3}},"line":449},"23":{"name":"joinRoom","decl":{"start":{"line":473,"column":15},"end":{"line":473,"column":23}},"loc":{"start":{"line":473,"column":52},"end":{"line":531,"column":1}},"line":473},"24":{"name":"(anonymous_24)","decl":{"start":{"line":496,"column":28},"end":{"line":496,"column":29}},"loc":{"start":{"line":496,"column":33},"end":{"line":502,"column":3}},"line":496},"25":{"name":"broadcastGlobalUsers","decl":{"start":{"line":533,"column":15},"end":{"line":533,"column":35}},"loc":{"start":{"line":533,"column":38},"end":{"line":548,"column":1}},"line":533},"26":{"name":"(anonymous_26)","decl":{"start":{"line":536,"column":12},"end":{"line":536,"column":13}},"loc":{"start":{"line":536,"column":17},"end":{"line":536,"column":32}},"line":536},"27":{"name":"(anonymous_27)","decl":{"start":{"line":537,"column":9},"end":{"line":537,"column":10}},"loc":{"start":{"line":537,"column":15},"end":{"line":540,"column":5}},"line":537},"28":{"name":"(anonymous_28)","decl":{"start":{"line":544,"column":16},"end":{"line":544,"column":17}},"loc":{"start":{"line":544,"column":21},"end":{"line":544,"column":54}},"line":544},"29":{"name":"getRoomList","decl":{"start":{"line":550,"column":9},"end":{"line":550,"column":20}},"loc":{"start":{"line":550,"column":23},"end":{"line":559,"column":1}},"line":550},"30":{"name":"(anonymous_30)","decl":{"start":{"line":552,"column":12},"end":{"line":552,"column":13}},"loc":{"start":{"line":552,"column":20},"end":{"line":552,"column":75}},"line":552},"31":{"name":"(anonymous_31)","decl":{"start":{"line":553,"column":9},"end":{"line":553,"column":10}},"loc":{"start":{"line":553,"column":18},"end":{"line":558,"column":5}},"line":553},"32":{"name":"checkRoomEmpty","decl":{"start":{"line":562,"column":15},"end":{"line":562,"column":29}},"loc":{"start":{"line":562,"column":40},"end":{"line":625,"column":1}},"line":562},"33":{"name":"(anonymous_33)","decl":{"start":{"line":579,"column":40},"end":{"line":579,"column":41}},"loc":{"start":{"line":579,"column":46},"end":{"line":587,"column":7}},"line":579},"34":{"name":"(anonymous_34)","decl":{"start":{"line":595,"column":42},"end":{"line":595,"column":43}},"loc":{"start":{"line":595,"column":48},"end":{"line":603,"column":9}},"line":595},"35":{"name":"(anonymous_35)","decl":{"start":{"line":630,"column":40},"end":{"line":630,"column":41}},"loc":{"start":{"line":630,"column":54},"end":{"line":648,"column":1}},"line":630},"36":{"name":"(anonymous_36)","decl":{"start":{"line":642,"column":63},"end":{"line":642,"column":64}},"loc":{"start":{"line":643,"column":4},"end":{"line":644,"column":60}},"line":643},"37":{"name":"(anonymous_37)","decl":{"start":{"line":651,"column":19},"end":{"line":651,"column":20}},"loc":{"start":{"line":651,"column":33},"end":{"line":657,"column":1}},"line":651},"38":{"name":"(anonymous_38)","decl":{"start":{"line":660,"column":13},"end":{"line":660,"column":14}},"loc":{"start":{"line":660,"column":27},"end":{"line":662,"column":1}},"line":660},"39":{"name":"(anonymous_39)","decl":{"start":{"line":668,"column":20},"end":{"line":668,"column":21}},"loc":{"start":{"line":668,"column":26},"end":{"line":671,"column":1}},"line":668},"40":{"name":"(anonymous_40)","decl":{"start":{"line":674,"column":22},"end":{"line":674,"column":23}},"loc":{"start":{"line":674,"column":34},"end":{"line":684,"column":1}},"line":674},"41":{"name":"(anonymous_41)","decl":{"start":{"line":680,"column":15},"end":{"line":680,"column":16}},"loc":{"start":{"line":680,"column":21},"end":{"line":683,"column":3}},"line":680}},"branchMap":{"0":{"loc":{"start":{"line":57,"column":4},"end":{"line":63,"column":5}},"type":"if","locations":[{"start":{"line":57,"column":4},"end":{"line":63,"column":5}},{"start":{"line":61,"column":11},"end":{"line":63,"column":5}}],"line":57},"1":{"loc":{"start":{"line":82,"column":14},"end":{"line":82,"column":33}},"type":"binary-expr","locations":[{"start":{"line":82,"column":14},"end":{"line":82,"column":23}},{"start":{"line":82,"column":27},"end":{"line":82,"column":33}}],"line":82},"2":{"loc":{"start":{"line":113,"column":6},"end":{"line":116,"column":7}},"type":"if","locations":[{"start":{"line":113,"column":6},"end":{"line":116,"column":7}},{"start":{},"end":{}}],"line":113},"3":{"loc":{"start":{"line":120,"column":6},"end":{"line":123,"column":7}},"type":"if","locations":[{"start":{"line":120,"column":6},"end":{"line":123,"column":7}},{"start":{},"end":{}}],"line":120},"4":{"loc":{"start":{"line":126,"column":6},"end":{"line":132,"column":7}},"type":"if","locations":[{"start":{"line":126,"column":6},"end":{"line":132,"column":7}},{"start":{},"end":{}}],"line":126},"5":{"loc":{"start":{"line":128,"column":8},"end":{"line":131,"column":9}},"type":"if","locations":[{"start":{"line":128,"column":8},"end":{"line":131,"column":9}},{"start":{},"end":{}}],"line":128},"6":{"loc":{"start":{"line":136,"column":6},"end":{"line":139,"column":7}},"type":"if","locations":[{"start":{"line":136,"column":6},"end":{"line":139,"column":7}},{"start":{},"end":{}}],"line":136},"7":{"loc":{"start":{"line":142,"column":29},"end":{"line":142,"column":104}},"type":"cond-expr","locations":[{"start":{"line":142,"column":40},"end":{"line":142,"column":97}},{"start":{"line":142,"column":100},"end":{"line":142,"column":104}}],"line":142},"8":{"loc":{"start":{"line":144,"column":77},"end":{"line":144,"column":91}},"type":"binary-expr","locations":[{"start":{"line":144,"column":77},"end":{"line":144,"column":81}},{"start":{"line":144,"column":85},"end":{"line":144,"column":91}}],"line":144},"9":{"loc":{"start":{"line":150,"column":55},"end":{"line":150,"column":88}},"type":"binary-expr","locations":[{"start":{"line":150,"column":55},"end":{"line":150,"column":75}},{"start":{"line":150,"column":79},"end":{"line":150,"column":88}}],"line":150},"10":{"loc":{"start":{"line":158,"column":6},"end":{"line":180,"column":7}},"type":"if","locations":[{"start":{"line":158,"column":6},"end":{"line":180,"column":7}},{"start":{},"end":{}}],"line":158},"11":{"loc":{"start":{"line":161,"column":8},"end":{"line":164,"column":9}},"type":"if","locations":[{"start":{"line":161,"column":8},"end":{"line":164,"column":9}},{"start":{},"end":{}}],"line":161},"12":{"loc":{"start":{"line":168,"column":10},"end":{"line":170,"column":71}},"type":"binary-expr","locations":[{"start":{"line":168,"column":10},"end":{"line":168,"column":28}},{"start":{"line":169,"column":10},"end":{"line":169,"column":25}},{"start":{"line":170,"column":10},"end":{"line":170,"column":71}}],"line":168},"13":{"loc":{"start":{"line":173,"column":8},"end":{"line":176,"column":9}},"type":"if","locations":[{"start":{"line":173,"column":8},"end":{"line":176,"column":9}},{"start":{},"end":{}}],"line":173},"14":{"loc":{"start":{"line":192,"column":6},"end":{"line":194,"column":7}},"type":"if","locations":[{"start":{"line":192,"column":6},"end":{"line":194,"column":7}},{"start":{},"end":{}}],"line":192},"15":{"loc":{"start":{"line":205,"column":6},"end":{"line":208,"column":7}},"type":"if","locations":[{"start":{"line":205,"column":6},"end":{"line":208,"column":7}},{"start":{},"end":{}}],"line":205},"16":{"loc":{"start":{"line":212,"column":8},"end":{"line":214,"column":69}},"type":"binary-expr","locations":[{"start":{"line":212,"column":8},"end":{"line":212,"column":26}},{"start":{"line":213,"column":8},"end":{"line":213,"column":23}},{"start":{"line":214,"column":8},"end":{"line":214,"column":69}}],"line":212},"17":{"loc":{"start":{"line":217,"column":6},"end":{"line":220,"column":7}},"type":"if","locations":[{"start":{"line":217,"column":6},"end":{"line":220,"column":7}},{"start":{},"end":{}}],"line":217},"18":{"loc":{"start":{"line":225,"column":6},"end":{"line":227,"column":7}},"type":"if","locations":[{"start":{"line":225,"column":6},"end":{"line":227,"column":7}},{"start":{},"end":{}}],"line":225},"19":{"loc":{"start":{"line":241,"column":6},"end":{"line":253,"column":7}},"type":"if","locations":[{"start":{"line":241,"column":6},"end":{"line":253,"column":7}},{"start":{},"end":{}}],"line":241},"20":{"loc":{"start":{"line":243,"column":8},"end":{"line":246,"column":9}},"type":"if","locations":[{"start":{"line":243,"column":8},"end":{"line":246,"column":9}},{"start":{},"end":{}}],"line":243},"21":{"loc":{"start":{"line":267,"column":6},"end":{"line":270,"column":7}},"type":"if","locations":[{"start":{"line":267,"column":6},"end":{"line":270,"column":7}},{"start":{},"end":{}}],"line":267},"22":{"loc":{"start":{"line":274,"column":6},"end":{"line":277,"column":7}},"type":"if","locations":[{"start":{"line":274,"column":6},"end":{"line":277,"column":7}},{"start":{},"end":{}}],"line":274},"23":{"loc":{"start":{"line":283,"column":6},"end":{"line":303,"column":7}},"type":"if","locations":[{"start":{"line":283,"column":6},"end":{"line":303,"column":7}},{"start":{},"end":{}}],"line":283},"24":{"loc":{"start":{"line":283,"column":10},"end":{"line":283,"column":60}},"type":"binary-expr","locations":[{"start":{"line":283,"column":10},"end":{"line":283,"column":25}},{"start":{"line":283,"column":29},"end":{"line":283,"column":60}}],"line":283},"25":{"loc":{"start":{"line":284,"column":29},"end":{"line":284,"column":63}},"type":"binary-expr","locations":[{"start":{"line":284,"column":29},"end":{"line":284,"column":57}},{"start":{"line":284,"column":61},"end":{"line":284,"column":63}}],"line":284},"26":{"loc":{"start":{"line":287,"column":8},"end":{"line":302,"column":9}},"type":"if","locations":[{"start":{"line":287,"column":8},"end":{"line":302,"column":9}},{"start":{},"end":{}}],"line":287},"27":{"loc":{"start":{"line":289,"column":10},"end":{"line":301,"column":11}},"type":"if","locations":[{"start":{"line":289,"column":10},"end":{"line":301,"column":11}},{"start":{},"end":{}}],"line":289},"28":{"loc":{"start":{"line":291,"column":12},"end":{"line":300,"column":13}},"type":"if","locations":[{"start":{"line":291,"column":12},"end":{"line":300,"column":13}},{"start":{},"end":{}}],"line":291},"29":{"loc":{"start":{"line":291,"column":16},"end":{"line":291,"column":59}},"type":"binary-expr","locations":[{"start":{"line":291,"column":16},"end":{"line":291,"column":31}},{"start":{"line":291,"column":35},"end":{"line":291,"column":59}}],"line":291},"30":{"loc":{"start":{"line":307,"column":6},"end":{"line":310,"column":7}},"type":"if","locations":[{"start":{"line":307,"column":6},"end":{"line":310,"column":7}},{"start":{},"end":{}}],"line":307},"31":{"loc":{"start":{"line":316,"column":6},"end":{"line":334,"column":7}},"type":"if","locations":[{"start":{"line":316,"column":6},"end":{"line":334,"column":7}},{"start":{},"end":{}}],"line":316},"32":{"loc":{"start":{"line":316,"column":10},"end":{"line":316,"column":92}},"type":"binary-expr","locations":[{"start":{"line":316,"column":11},"end":{"line":316,"column":26}},{"start":{"line":316,"column":30},"end":{"line":316,"column":61}},{"start":{"line":316,"column":66},"end":{"line":316,"column":92}}],"line":316},"33":{"loc":{"start":{"line":319,"column":8},"end":{"line":321,"column":9}},"type":"if","locations":[{"start":{"line":319,"column":8},"end":{"line":321,"column":9}},{"start":{},"end":{}}],"line":319},"34":{"loc":{"start":{"line":319,"column":12},"end":{"line":319,"column":55}},"type":"binary-expr","locations":[{"start":{"line":319,"column":12},"end":{"line":319,"column":25}},{"start":{"line":319,"column":29},"end":{"line":319,"column":55}}],"line":319},"35":{"loc":{"start":{"line":323,"column":31},"end":{"line":323,"column":49}},"type":"binary-expr","locations":[{"start":{"line":323,"column":31},"end":{"line":323,"column":43}},{"start":{"line":323,"column":47},"end":{"line":323,"column":49}}],"line":323},"36":{"loc":{"start":{"line":325,"column":8},"end":{"line":333,"column":9}},"type":"if","locations":[{"start":{"line":325,"column":8},"end":{"line":333,"column":9}},{"start":{},"end":{}}],"line":325},"37":{"loc":{"start":{"line":327,"column":10},"end":{"line":332,"column":11}},"type":"if","locations":[{"start":{"line":327,"column":10},"end":{"line":332,"column":11}},{"start":{},"end":{}}],"line":327},"38":{"loc":{"start":{"line":329,"column":12},"end":{"line":331,"column":13}},"type":"if","locations":[{"start":{"line":329,"column":12},"end":{"line":331,"column":13}},{"start":{},"end":{}}],"line":329},"39":{"loc":{"start":{"line":329,"column":16},"end":{"line":329,"column":71}},"type":"binary-expr","locations":[{"start":{"line":329,"column":16},"end":{"line":329,"column":31}},{"start":{"line":329,"column":35},"end":{"line":329,"column":71}}],"line":329},"40":{"loc":{"start":{"line":346,"column":4},"end":{"line":348,"column":5}},"type":"if","locations":[{"start":{"line":346,"column":4},"end":{"line":348,"column":5}},{"start":{},"end":{}}],"line":346},"41":{"loc":{"start":{"line":346,"column":8},"end":{"line":346,"column":53}},"type":"binary-expr","locations":[{"start":{"line":346,"column":8},"end":{"line":346,"column":29}},{"start":{"line":346,"column":33},"end":{"line":346,"column":53}}],"line":346},"42":{"loc":{"start":{"line":351,"column":4},"end":{"line":398,"column":5}},"type":"if","locations":[{"start":{"line":351,"column":4},"end":{"line":398,"column":5}},{"start":{},"end":{}}],"line":351},"43":{"loc":{"start":{"line":357,"column":8},"end":{"line":395,"column":9}},"type":"if","locations":[{"start":{"line":357,"column":8},"end":{"line":395,"column":9}},{"start":{},"end":{}}],"line":357},"44":{"loc":{"start":{"line":357,"column":12},"end":{"line":357,"column":126}},"type":"binary-expr","locations":[{"start":{"line":357,"column":12},"end":{"line":357,"column":43}},{"start":{"line":357,"column":47},"end":{"line":357,"column":75}},{"start":{"line":357,"column":79},"end":{"line":357,"column":126}}],"line":357},"45":{"loc":{"start":{"line":361,"column":10},"end":{"line":373,"column":11}},"type":"if","locations":[{"start":{"line":361,"column":10},"end":{"line":373,"column":11}},{"start":{},"end":{}}],"line":361},"46":{"loc":{"start":{"line":363,"column":12},"end":{"line":372,"column":13}},"type":"if","locations":[{"start":{"line":363,"column":12},"end":{"line":372,"column":13}},{"start":{},"end":{}}],"line":363},"47":{"loc":{"start":{"line":365,"column":14},"end":{"line":371,"column":15}},"type":"if","locations":[{"start":{"line":365,"column":14},"end":{"line":371,"column":15}},{"start":{},"end":{}}],"line":365},"48":{"loc":{"start":{"line":376,"column":12},"end":{"line":393,"column":13}},"type":"if","locations":[{"start":{"line":376,"column":12},"end":{"line":393,"column":13}},{"start":{},"end":{}}],"line":376},"49":{"loc":{"start":{"line":379,"column":14},"end":{"line":390,"column":15}},"type":"if","locations":[{"start":{"line":379,"column":14},"end":{"line":390,"column":15}},{"start":{},"end":{}}],"line":379},"50":{"loc":{"start":{"line":381,"column":16},"end":{"line":389,"column":17}},"type":"if","locations":[{"start":{"line":381,"column":16},"end":{"line":389,"column":17}},{"start":{},"end":{}}],"line":381},"51":{"loc":{"start":{"line":383,"column":18},"end":{"line":388,"column":19}},"type":"if","locations":[{"start":{"line":383,"column":18},"end":{"line":388,"column":19}},{"start":{},"end":{}}],"line":383},"52":{"loc":{"start":{"line":402,"column":4},"end":{"line":404,"column":5}},"type":"if","locations":[{"start":{"line":402,"column":4},"end":{"line":404,"column":5}},{"start":{},"end":{}}],"line":402},"53":{"loc":{"start":{"line":413,"column":6},"end":{"line":416,"column":7}},"type":"if","locations":[{"start":{"line":413,"column":6},"end":{"line":416,"column":7}},{"start":{},"end":{}}],"line":413},"54":{"loc":{"start":{"line":413,"column":10},"end":{"line":413,"column":44}},"type":"binary-expr","locations":[{"start":{"line":413,"column":10},"end":{"line":413,"column":25}},{"start":{"line":413,"column":29},"end":{"line":413,"column":44}}],"line":413},"55":{"loc":{"start":{"line":420,"column":27},"end":{"line":420,"column":89}},"type":"cond-expr","locations":[{"start":{"line":420,"column":44},"end":{"line":420,"column":82}},{"start":{"line":420,"column":85},"end":{"line":420,"column":89}}],"line":420},"56":{"loc":{"start":{"line":422,"column":6},"end":{"line":443,"column":7}},"type":"if","locations":[{"start":{"line":422,"column":6},"end":{"line":443,"column":7}},{"start":{"line":440,"column":13},"end":{"line":443,"column":7}}],"line":422},"57":{"loc":{"start":{"line":429,"column":8},"end":{"line":437,"column":9}},"type":"if","locations":[{"start":{"line":429,"column":8},"end":{"line":437,"column":9}},{"start":{},"end":{}}],"line":429},"58":{"loc":{"start":{"line":454,"column":27},"end":{"line":454,"column":89}},"type":"cond-expr","locations":[{"start":{"line":454,"column":44},"end":{"line":454,"column":82}},{"start":{"line":454,"column":85},"end":{"line":454,"column":89}}],"line":454},"59":{"loc":{"start":{"line":456,"column":6},"end":{"line":464,"column":7}},"type":"if","locations":[{"start":{"line":456,"column":6},"end":{"line":464,"column":7}},{"start":{"line":462,"column":13},"end":{"line":464,"column":7}}],"line":456},"60":{"loc":{"start":{"line":475,"column":2},"end":{"line":478,"column":3}},"type":"if","locations":[{"start":{"line":475,"column":2},"end":{"line":478,"column":3}},{"start":{},"end":{}}],"line":475},"61":{"loc":{"start":{"line":481,"column":2},"end":{"line":492,"column":3}},"type":"if","locations":[{"start":{"line":481,"column":2},"end":{"line":492,"column":3}},{"start":{},"end":{}}],"line":481},"62":{"loc":{"start":{"line":482,"column":4},"end":{"line":485,"column":5}},"type":"if","locations":[{"start":{"line":482,"column":4},"end":{"line":485,"column":5}},{"start":{},"end":{}}],"line":482},"63":{"loc":{"start":{"line":488,"column":4},"end":{"line":491,"column":5}},"type":"if","locations":[{"start":{"line":488,"column":4},"end":{"line":491,"column":5}},{"start":{},"end":{}}],"line":488},"64":{"loc":{"start":{"line":497,"column":4},"end":{"line":501,"column":5}},"type":"if","locations":[{"start":{"line":497,"column":4},"end":{"line":501,"column":5}},{"start":{},"end":{}}],"line":497},"65":{"loc":{"start":{"line":510,"column":2},"end":{"line":525,"column":3}},"type":"if","locations":[{"start":{"line":510,"column":2},"end":{"line":525,"column":3}},{"start":{},"end":{}}],"line":510},"66":{"loc":{"start":{"line":510,"column":6},"end":{"line":510,"column":58}},"type":"binary-expr","locations":[{"start":{"line":510,"column":6},"end":{"line":510,"column":27}},{"start":{"line":510,"column":31},"end":{"line":510,"column":58}}],"line":510},"67":{"loc":{"start":{"line":514,"column":15},"end":{"line":514,"column":47}},"type":"binary-expr","locations":[{"start":{"line":514,"column":15},"end":{"line":514,"column":35}},{"start":{"line":514,"column":39},"end":{"line":514,"column":47}}],"line":514},"68":{"loc":{"start":{"line":519,"column":4},"end":{"line":522,"column":5}},"type":"if","locations":[{"start":{"line":519,"column":4},"end":{"line":522,"column":5}},{"start":{},"end":{}}],"line":519},"69":{"loc":{"start":{"line":552,"column":20},"end":{"line":552,"column":75}},"type":"binary-expr","locations":[{"start":{"line":552,"column":20},"end":{"line":552,"column":48}},{"start":{"line":552,"column":52},"end":{"line":552,"column":75}}],"line":552},"70":{"loc":{"start":{"line":556,"column":14},"end":{"line":556,"column":40}},"type":"binary-expr","locations":[{"start":{"line":556,"column":14},"end":{"line":556,"column":32}},{"start":{"line":556,"column":36},"end":{"line":556,"column":40}}],"line":556},"71":{"loc":{"start":{"line":557,"column":12},"end":{"line":557,"column":38}},"type":"binary-expr","locations":[{"start":{"line":557,"column":12},"end":{"line":557,"column":28}},{"start":{"line":557,"column":32},"end":{"line":557,"column":38}}],"line":557},"72":{"loc":{"start":{"line":563,"column":2},"end":{"line":563,"column":41}},"type":"if","locations":[{"start":{"line":563,"column":2},"end":{"line":563,"column":41}},{"start":{},"end":{}}],"line":563},"73":{"loc":{"start":{"line":564,"column":2},"end":{"line":564,"column":31}},"type":"if","locations":[{"start":{"line":564,"column":2},"end":{"line":564,"column":31}},{"start":{},"end":{}}],"line":564},"74":{"loc":{"start":{"line":565,"column":2},"end":{"line":565,"column":76}},"type":"if","locations":[{"start":{"line":565,"column":2},"end":{"line":565,"column":76}},{"start":{},"end":{}}],"line":565},"75":{"loc":{"start":{"line":565,"column":6},"end":{"line":565,"column":67}},"type":"binary-expr","locations":[{"start":{"line":565,"column":6},"end":{"line":565,"column":37}},{"start":{"line":565,"column":41},"end":{"line":565,"column":67}}],"line":565},"76":{"loc":{"start":{"line":568,"column":2},"end":{"line":624,"column":3}},"type":"if","locations":[{"start":{"line":568,"column":2},"end":{"line":624,"column":3}},{"start":{"line":611,"column":9},"end":{"line":624,"column":3}}],"line":568},"77":{"loc":{"start":{"line":569,"column":4},"end":{"line":610,"column":5}},"type":"if","locations":[{"start":{"line":569,"column":4},"end":{"line":610,"column":5}},{"start":{"line":591,"column":11},"end":{"line":610,"column":5}}],"line":569},"78":{"loc":{"start":{"line":570,"column":30},"end":{"line":572,"column":46}},"type":"cond-expr","locations":[{"start":{"line":571,"column":10},"end":{"line":571,"column":47}},{"start":{"line":572,"column":10},"end":{"line":572,"column":46}}],"line":570},"79":{"loc":{"start":{"line":577,"column":6},"end":{"line":577,"column":67}},"type":"if","locations":[{"start":{"line":577,"column":6},"end":{"line":577,"column":67}},{"start":{},"end":{}}],"line":577},"80":{"loc":{"start":{"line":580,"column":8},"end":{"line":586,"column":9}},"type":"if","locations":[{"start":{"line":580,"column":8},"end":{"line":586,"column":9}},{"start":{},"end":{}}],"line":580},"81":{"loc":{"start":{"line":591,"column":11},"end":{"line":610,"column":5}},"type":"if","locations":[{"start":{"line":591,"column":11},"end":{"line":610,"column":5}},{"start":{},"end":{}}],"line":591},"82":{"loc":{"start":{"line":593,"column":6},"end":{"line":609,"column":7}},"type":"if","locations":[{"start":{"line":593,"column":6},"end":{"line":609,"column":7}},{"start":{"line":604,"column":13},"end":{"line":609,"column":7}}],"line":593},"83":{"loc":{"start":{"line":596,"column":10},"end":{"line":602,"column":11}},"type":"if","locations":[{"start":{"line":596,"column":10},"end":{"line":602,"column":11}},{"start":{},"end":{}}],"line":596},"84":{"loc":{"start":{"line":612,"column":4},"end":{"line":623,"column":5}},"type":"if","locations":[{"start":{"line":612,"column":4},"end":{"line":623,"column":5}},{"start":{},"end":{}}],"line":612},"85":{"loc":{"start":{"line":615,"column":6},"end":{"line":618,"column":7}},"type":"if","locations":[{"start":{"line":615,"column":6},"end":{"line":618,"column":7}},{"start":{},"end":{}}],"line":615},"86":{"loc":{"start":{"line":633,"column":2},"end":{"line":635,"column":3}},"type":"if","locations":[{"start":{"line":633,"column":2},"end":{"line":635,"column":3}},{"start":{},"end":{}}],"line":633},"87":{"loc":{"start":{"line":638,"column":2},"end":{"line":640,"column":3}},"type":"if","locations":[{"start":{"line":638,"column":2},"end":{"line":640,"column":3}},{"start":{},"end":{}}],"line":638},"88":{"loc":{"start":{"line":643,"column":4},"end":{"line":644,"column":60}},"type":"binary-expr","locations":[{"start":{"line":643,"column":4},"end":{"line":643,"column":19}},{"start":{"line":644,"column":4},"end":{"line":644,"column":60}}],"line":643}},"s":{"0":0,"1":0,"2":0,"3":0,"4":0,"5":0,"6":0,"7":0,"8":0,"9":0,"10":0,"11":0,"12":0,"13":0,"14":0,"15":0,"16":0,"17":0,"18":0,"19":0,"20":0,"21":0,"22":0,"23":0,"24":0,"25":0,"26":0,"27":0,"28":0,"29":0,"30":0,"31":0,"32":0,"33":0,"34":0,"35":0,"36":0,"37":0,"38":0,"39":0,"40":0,"41":0,"42":0,"43":0,"44":0,"45":0,"46":0,"47":0,"48":0,"49":0,"50":0,"51":0,"52":0,"53":0,"54":0,"55":0,"56":0,"57":0,"58":0,"59":0,"60":0,"61":0,"62":0,"63":0,"64":0,"65":0,"66":0,"67":0,"68":0,"69":0,"70":0,"71":0,"72":0,"73":0,"74":0,"75":0,"76":0,"77":0,"78":0,"79":0,"80":0,"81":0,"82":0,"83":0,"84":0,"85":0,"86":0,"87":0,"88":0,"89":0,"90":0,"91":0,"92":0,"93":0,"94":0,"95":0,"96":0,"97":0,"98":0,"99":0,"100":0,"101":0,"102":0,"103":0,"104":0,"105":0,"106":0,"107":0,"108":0,"109":0,"110":0,"111":0,"112":0,"113":0,"114":0,"115":0,"116":0,"117":0,"118":0,"119":0,"120":0,"121":0,"122":0,"123":0,"124":0,"125":0,"126":0,"127":0,"128":0,"129":0,"130":0,"131":0,"132":0,"133":0,"134":0,"135":0,"136":0,"137":0,"138":0,"139":0,"140":0,"141":0,"142":0,"143":0,"144":0,"145":0,"146":0,"147":0,"148":0,"149":0,"150":0,"151":0,"152":0,"153":0,"154":0,"155":0,"156":0,"157":0,"158":0,"159":0,"160":0,"161":0,"162":0,"163":0,"164":0,"165":0,"166":0,"167":0,"168":0,"169":0,"170":0,"171":0,"172":0,"173":0,"174":0,"175":0,"176":0,"177":0,"178":0,"179":0,"180":0,"181":0,"182":0,"183":0,"184":0,"185":0,"186":0,"187":0,"188":0,"189":0,"190":0,"191":0,"192":0,"193":0,"194":0,"195":0,"196":0,"197":0,"198":0,"199":0,"200":0,"201":0,"202":0,"203":0,"204":0,"205":0,"206":0,"207":0,"208":0,"209":0,"210":0,"211":0,"212":0,"213":0,"214":0,"215":0,"216":0,"217":0,"218":0,"219":0,"220":0,"221":0,"222":0,"223":0,"224":0,"225":0,"226":0,"227":0,"228":0,"229":0,"230":0,"231":0,"232":0,"233":0,"234":0,"235":0,"236":0,"237":0,"238":0,"239":0,"240":0,"241":0,"242":0,"243":0,"244":0,"245":0,"246":0,"247":0,"248":0,"249":0,"250":0,"251":0,"252":0,"253":0,"254":0,"255":0,"256":0,"257":0,"258":0,"259":0,"260":0,"261":0,"262":0,"263":0,"264":0,"265":0,"266":0,"267":0,"268":0,"269":0,"270":0,"271":0,"272":0,"273":0,"274":0,"275":0,"276":0,"277":0,"278":0,"279":0,"280":0,"281":0,"282":0,"283":0,"284":0,"285":0,"286":0,"287":0,"288":0,"289":0,"290":0,"291":0,"292":0,"293":0,"294":0,"295":0,"296":0,"297":0,"298":0,"299":0,"300":0,"301":0,"302":0,"303":0,"304":0,"305":0,"306":0,"307":0,"308":0,"309":0,"310":0,"311":0,"312":0,"313":0,"314":0,"315":0,"316":0,"317":0,"318":0,"319":0,"320":0,"321":0,"322":0,"323":0,"324":0,"325":0,"326":0,"327":0,"328":0,"329":0,"330":0,"331":0,"332":0,"333":0,"334":0,"335":0,"336":0,"337":0,"338":0,"339":0,"340":0,"341":0,"342":0,"343":0,"344":0,"345":0,"346":0,"347":0},"f":{"0":0,"1":0,"2":0,"3":0,"4":0,"5":0,"6":0,"7":0,"8":0,"9":0,"10":0,"11":0,"12":0,"13":0,"14":0,"15":0,"16":0,"17":0,"18":0,"19":0,"20":0,"21":0,"22":0,"23":0,"24":0,"25":0,"26":0,"27":0,"28":0,"29":0,"30":0,"31":0,"32":0,"33":0,"34":0,"35":0,"36":0,"37":0,"38":0,"39":0,"40":0,"41":0},"b":{"0":[0,0],"1":[0,0],"2":[0,0],"3":[0,0],"4":[0,0],"5":[0,0],"6":[0,0],"7":[0,0],"8":[0,0],"9":[0,0],"10":[0,0],"11":[0,0],"12":[0,0,0],"13":[0,0],"14":[0,0],"15":[0,0],"16":[0,0,0],"17":[0,0],"18":[0,0],"19":[0,0],"20":[0,0],"21":[0,0],"22":[0,0],"23":[0,0],"24":[0,0],"25":[0,0],"26":[0,0],"27":[0,0],"28":[0,0],"29":[0,0],"30":[0,0],"31":[0,0],"32":[0,0,0],"33":[0,0],"34":[0,0],"35":[0,0],"36":[0,0],"37":[0,0],"38":[0,0],"39":[0,0],"40":[0,0],"41":[0,0],"42":[0,0],"43":[0,0],"44":[0,0,0],"45":[0,0],"46":[0,0],"47":[0,0],"48":[0,0],"49":[0,0],"50":[0,0],"51":[0,0],"52":[0,0],"53":[0,0],"54":[0,0],"55":[0,0],"56":[0,0],"57":[0,0],"58":[0,0],"59":[0,0],"60":[0,0],"61":[0,0],"62":[0,0],"63":[0,0],"64":[0,0],"65":[0,0],"66":[0,0],"67":[0,0],"68":[0,0],"69":[0,0],"70":[0,0],"71":[0,0],"72":[0,0],"73":[0,0],"74":[0,0],"75":[0,0],"76":[0,0],"77":[0,0],"78":[0,0],"79":[0,0],"80":[0,0],"81":[0,0],"82":[0,0],"83":[0,0],"84":[0,0],"85":[0,0],"86":[0,0],"87":[0,0],"88":[0,0]}}
,"D:\\Program Files\\AnitiGravity\\chatsystem\\server\\config\\index.js": {"path":"D:\\Program Files\\AnitiGravity\\chatsystem\\server\\config\\index.js","statementMap":{"0":{"start":{"line":1,"column":0},"end":{"line":1,"column":27}},"1":{"start":{"line":3,"column":0},"end":{"line":35,"column":2}}},"fnMap":{},"branchMap":{"0":{"loc":{"start":{"line":5,"column":14},"end":{"line":5,"column":38}},"type":"binary-expr","locations":[{"start":{"line":5,"column":14},"end":{"line":5,"column":30}},{"start":{"line":5,"column":34},"end":{"line":5,"column":38}}],"line":5},"1":{"loc":{"start":{"line":6,"column":17},"end":{"line":6,"column":54}},"type":"binary-expr","locations":[{"start":{"line":6,"column":17},"end":{"line":6,"column":37}},{"start":{"line":6,"column":41},"end":{"line":6,"column":54}}],"line":6},"2":{"loc":{"start":{"line":10,"column":19},"end":{"line":10,"column":61}},"type":"binary-expr","locations":[{"start":{"line":10,"column":19},"end":{"line":10,"column":41}},{"start":{"line":10,"column":45},"end":{"line":10,"column":61}}],"line":10},"3":{"loc":{"start":{"line":11,"column":22},"end":{"line":11,"column":67}},"type":"binary-expr","locations":[{"start":{"line":11,"column":22},"end":{"line":11,"column":61}},{"start":{"line":11,"column":65},"end":{"line":11,"column":67}}],"line":11},"4":{"loc":{"start":{"line":15,"column":18},"end":{"line":15,"column":74}},"type":"binary-expr","locations":[{"start":{"line":15,"column":18},"end":{"line":15,"column":64}},{"start":{"line":15,"column":68},"end":{"line":15,"column":74}}],"line":15},"5":{"loc":{"start":{"line":16,"column":21},"end":{"line":16,"column":77}},"type":"binary-expr","locations":[{"start":{"line":16,"column":21},"end":{"line":16,"column":70}},{"start":{"line":16,"column":74},"end":{"line":16,"column":77}}],"line":16},"6":{"loc":{"start":{"line":17,"column":26},"end":{"line":17,"column":87}},"type":"binary-expr","locations":[{"start":{"line":17,"column":26},"end":{"line":17,"column":81}},{"start":{"line":17,"column":85},"end":{"line":17,"column":87}}],"line":17},"7":{"loc":{"start":{"line":18,"column":27},"end":{"line":18,"column":88}},"type":"binary-expr","locations":[{"start":{"line":18,"column":27},"end":{"line":18,"column":83}},{"start":{"line":18,"column":87},"end":{"line":18,"column":88}}],"line":18},"8":{"loc":{"start":{"line":22,"column":26},"end":{"line":22,"column":78}},"type":"binary-expr","locations":[{"start":{"line":22,"column":26},"end":{"line":22,"column":70}},{"start":{"line":22,"column":74},"end":{"line":22,"column":78}}],"line":22},"9":{"loc":{"start":{"line":23,"column":21},"end":{"line":23,"column":71}},"type":"binary-expr","locations":[{"start":{"line":23,"column":21},"end":{"line":23,"column":60}},{"start":{"line":23,"column":64},"end":{"line":23,"column":71}}],"line":23},"10":{"loc":{"start":{"line":24,"column":34},"end":{"line":24,"column":96}},"type":"binary-expr","locations":[{"start":{"line":24,"column":34},"end":{"line":24,"column":87}},{"start":{"line":24,"column":91},"end":{"line":24,"column":96}}],"line":24},"11":{"loc":{"start":{"line":25,"column":35},"end":{"line":25,"column":100}},"type":"binary-expr","locations":[{"start":{"line":25,"column":35},"end":{"line":25,"column":89}},{"start":{"line":25,"column":93},"end":{"line":25,"column":100}}],"line":25},"12":{"loc":{"start":{"line":29,"column":16},"end":{"line":29,"column":105}},"type":"binary-expr","locations":[{"start":{"line":29,"column":16},"end":{"line":29,"column":51}},{"start":{"line":29,"column":55},"end":{"line":29,"column":105}}],"line":29},"13":{"loc":{"start":{"line":33,"column":27},"end":{"line":33,"column":84}},"type":"binary-expr","locations":[{"start":{"line":33,"column":27},"end":{"line":33,"column":73}},{"start":{"line":33,"column":77},"end":{"line":33,"column":84}}],"line":33}},"s":{"0":0,"1":0},"f":{},"b":{"0":[0,0],"1":[0,0],"2":[0,0],"3":[0,0],"4":[0,0],"5":[0,0],"6":[0,0],"7":[0,0],"8":[0,0],"9":[0,0],"10":[0,0],"11":[0,0],"12":[0,0],"13":[0,0]}}
,"D:\\Program Files\\AnitiGravity\\chatsystem\\server\\controllers\\messageController.js": {"path":"D:\\Program Files\\AnitiGravity\\chatsystem\\server\\controllers\\messageController.js","statementMap":{"0":{"start":{"line":1,"column":35},"end":{"line":1,"column":70}},"1":{"start":{"line":2,"column":15},"end":{"line":2,"column":41}},"2":{"start":{"line":12,"column":29},"end":{"line":12,"column":61}},"3":{"start":{"line":13,"column":4},"end":{"line":15,"column":5}},"4":{"start":{"line":14,"column":8},"end":{"line":14,"column":39}},"5":{"start":{"line":16,"column":4},"end":{"line":16,"column":31}},"6":{"start":{"line":23,"column":4},"end":{"line":30,"column":6}},"7":{"start":{"line":37,"column":30},"end":{"line":37,"column":62}},"8":{"start":{"line":38,"column":4},"end":{"line":38,"column":41}},"9":{"start":{"line":38,"column":28},"end":{"line":38,"column":41}},"10":{"start":{"line":40,"column":28},"end":{"line":40,"column":69}},"11":{"start":{"line":41,"column":4},"end":{"line":41,"column":55}},"12":{"start":{"line":48,"column":30},"end":{"line":48,"column":62}},"13":{"start":{"line":49,"column":4},"end":{"line":49,"column":41}},"14":{"start":{"line":49,"column":28},"end":{"line":49,"column":41}},"15":{"start":{"line":51,"column":28},"end":{"line":51,"column":69}},"16":{"start":{"line":52,"column":4},"end":{"line":55,"column":5}},"17":{"start":{"line":53,"column":8},"end":{"line":53,"column":54}},"18":{"start":{"line":54,"column":8},"end":{"line":54,"column":20}},"19":{"start":{"line":56,"column":4},"end":{"line":56,"column":17}},"20":{"start":{"line":59,"column":0},"end":{"line":64,"column":2}}},"fnMap":{"0":{"name":"validateMessage","decl":{"start":{"line":11,"column":9},"end":{"line":11,"column":24}},"loc":{"start":{"line":11,"column":38},"end":{"line":17,"column":1}},"line":11},"1":{"name":"createMessage","decl":{"start":{"line":22,"column":9},"end":{"line":22,"column":22}},"loc":{"start":{"line":22,"column":85},"end":{"line":31,"column":1}},"line":22},"2":{"name":"isRecipientInDnd","decl":{"start":{"line":36,"column":9},"end":{"line":36,"column":25}},"loc":{"start":{"line":36,"column":60},"end":{"line":42,"column":1}},"line":36},"3":{"name":"sendToRecipient","decl":{"start":{"line":47,"column":9},"end":{"line":47,"column":24}},"loc":{"start":{"line":47,"column":78},"end":{"line":57,"column":1}},"line":47}},"branchMap":{"0":{"loc":{"start":{"line":13,"column":4},"end":{"line":15,"column":5}},"type":"if","locations":[{"start":{"line":13,"column":4},"end":{"line":15,"column":5}},{"start":{},"end":{}}],"line":13},"1":{"loc":{"start":{"line":22,"column":49},"end":{"line":22,"column":62}},"type":"default-arg","locations":[{"start":{"line":22,"column":56},"end":{"line":22,"column":62}}],"line":22},"2":{"loc":{"start":{"line":22,"column":64},"end":{"line":22,"column":83}},"type":"default-arg","locations":[{"start":{"line":22,"column":81},"end":{"line":22,"column":83}}],"line":22},"3":{"loc":{"start":{"line":38,"column":4},"end":{"line":38,"column":41}},"type":"if","locations":[{"start":{"line":38,"column":4},"end":{"line":38,"column":41}},{"start":{},"end":{}}],"line":38},"4":{"loc":{"start":{"line":41,"column":11},"end":{"line":41,"column":54}},"type":"binary-expr","locations":[{"start":{"line":41,"column":11},"end":{"line":41,"column":26}},{"start":{"line":41,"column":30},"end":{"line":41,"column":54}}],"line":41},"5":{"loc":{"start":{"line":49,"column":4},"end":{"line":49,"column":41}},"type":"if","locations":[{"start":{"line":49,"column":4},"end":{"line":49,"column":41}},{"start":{},"end":{}}],"line":49},"6":{"loc":{"start":{"line":52,"column":4},"end":{"line":55,"column":5}},"type":"if","locations":[{"start":{"line":52,"column":4},"end":{"line":55,"column":5}},{"start":{},"end":{}}],"line":52},"7":{"loc":{"start":{"line":52,"column":8},"end":{"line":52,"column":63}},"type":"binary-expr","locations":[{"start":{"line":52,"column":8},"end":{"line":52,"column":23}},{"start":{"line":52,"column":27},"end":{"line":52,"column":63}}],"line":52}},"s":{"0":0,"1":0,"2":0,"3":0,"4":0,"5":0,"6":0,"7":0,"8":0,"9":0,"10":0,"11":0,"12":0,"13":0,"14":0,"15":0,"16":0,"17":0,"18":0,"19":0,"20":0},"f":{"0":0,"1":0,"2":0,"3":0},"b":{"0":[0,0],"1":[0],"2":[0],"3":[0,0],"4":[0,0],"5":[0,0],"6":[0,0],"7":[0,0]}}
,"D:\\Program Files\\AnitiGravity\\chatsystem\\server\\controllers\\roomController.js": {"path":"D:\\Program Files\\AnitiGravity\\chatsystem\\server\\controllers\\roomController.js","statementMap":{"0":{"start":{"line":1,"column":15},"end":{"line":1,"column":32}},"1":{"start":{"line":2,"column":15},"end":{"line":2,"column":35}},"2":{"start":{"line":3,"column":15},"end":{"line":3,"column":41}},"3":{"start":{"line":4,"column":13},"end":{"line":4,"column":38}},"4":{"start":{"line":5,"column":16},"end":{"line":5,"column":44}},"5":{"start":{"line":15,"column":4},"end":{"line":22,"column":12}},"6":{"start":{"line":16,"column":24},"end":{"line":16,"column":79}},"7":{"start":{"line":17,"column":22},"end":{"line":22,"column":9}},"8":{"start":{"line":30,"column":27},"end":{"line":32,"column":14}},"9":{"start":{"line":34,"column":4},"end":{"line":40,"column":6}},"10":{"start":{"line":47,"column":4},"end":{"line":47,"column":37}},"11":{"start":{"line":47,"column":25},"end":{"line":47,"column":37}},"12":{"start":{"line":48,"column":4},"end":{"line":48,"column":40}},"13":{"start":{"line":48,"column":27},"end":{"line":48,"column":40}},"14":{"start":{"line":50,"column":4},"end":{"line":50,"column":66}},"15":{"start":{"line":57,"column":4},"end":{"line":57,"column":84}},"16":{"start":{"line":57,"column":40},"end":{"line":57,"column":82}},"17":{"start":{"line":64,"column":4},"end":{"line":70,"column":6}},"18":{"start":{"line":73,"column":0},"end":{"line":79,"column":2}}},"fnMap":{"0":{"name":"getRoomList","decl":{"start":{"line":14,"column":15},"end":{"line":14,"column":26}},"loc":{"start":{"line":14,"column":34},"end":{"line":23,"column":1}},"line":14},"1":{"name":"(anonymous_1)","decl":{"start":{"line":16,"column":16},"end":{"line":16,"column":17}},"loc":{"start":{"line":16,"column":24},"end":{"line":16,"column":79}},"line":16},"2":{"name":"(anonymous_2)","decl":{"start":{"line":17,"column":13},"end":{"line":17,"column":14}},"loc":{"start":{"line":17,"column":22},"end":{"line":22,"column":9}},"line":17},"3":{"name":"createRoom","decl":{"start":{"line":28,"column":15},"end":{"line":28,"column":25}},"loc":{"start":{"line":28,"column":69},"end":{"line":41,"column":1}},"line":28},"4":{"name":"verifyRoomPassword","decl":{"start":{"line":46,"column":15},"end":{"line":46,"column":33}},"loc":{"start":{"line":46,"column":68},"end":{"line":51,"column":1}},"line":46},"5":{"name":"findRoomCaseInsensitive","decl":{"start":{"line":56,"column":9},"end":{"line":56,"column":32}},"loc":{"start":{"line":56,"column":50},"end":{"line":58,"column":1}},"line":56},"6":{"name":"(anonymous_6)","decl":{"start":{"line":57,"column":35},"end":{"line":57,"column":36}},"loc":{"start":{"line":57,"column":40},"end":{"line":57,"column":82}},"line":57},"7":{"name":"createSystemMessage","decl":{"start":{"line":63,"column":9},"end":{"line":63,"column":28}},"loc":{"start":{"line":63,"column":45},"end":{"line":71,"column":1}},"line":63}},"branchMap":{"0":{"loc":{"start":{"line":16,"column":24},"end":{"line":16,"column":79}},"type":"binary-expr","locations":[{"start":{"line":16,"column":24},"end":{"line":16,"column":52}},{"start":{"line":16,"column":56},"end":{"line":16,"column":79}}],"line":16},"1":{"loc":{"start":{"line":20,"column":20},"end":{"line":20,"column":46}},"type":"binary-expr","locations":[{"start":{"line":20,"column":20},"end":{"line":20,"column":38}},{"start":{"line":20,"column":42},"end":{"line":20,"column":46}}],"line":20},"2":{"loc":{"start":{"line":21,"column":18},"end":{"line":21,"column":44}},"type":"binary-expr","locations":[{"start":{"line":21,"column":18},"end":{"line":21,"column":34}},{"start":{"line":21,"column":38},"end":{"line":21,"column":44}}],"line":21},"3":{"loc":{"start":{"line":30,"column":27},"end":{"line":32,"column":14}},"type":"cond-expr","locations":[{"start":{"line":31,"column":10},"end":{"line":31,"column":67}},{"start":{"line":32,"column":10},"end":{"line":32,"column":14}}],"line":30},"4":{"loc":{"start":{"line":37,"column":14},"end":{"line":37,"column":28}},"type":"binary-expr","locations":[{"start":{"line":37,"column":14},"end":{"line":37,"column":18}},{"start":{"line":37,"column":22},"end":{"line":37,"column":28}}],"line":37},"5":{"loc":{"start":{"line":47,"column":4},"end":{"line":47,"column":37}},"type":"if","locations":[{"start":{"line":47,"column":4},"end":{"line":47,"column":37}},{"start":{},"end":{}}],"line":47},"6":{"loc":{"start":{"line":48,"column":4},"end":{"line":48,"column":40}},"type":"if","locations":[{"start":{"line":48,"column":4},"end":{"line":48,"column":40}},{"start":{},"end":{}}],"line":48}},"s":{"0":0,"1":0,"2":0,"3":0,"4":0,"5":0,"6":0,"7":0,"8":0,"9":0,"10":0,"11":0,"12":0,"13":0,"14":0,"15":0,"16":0,"17":0,"18":0},"f":{"0":0,"1":0,"2":0,"3":0,"4":0,"5":0,"6":0,"7":0},"b":{"0":[0,0],"1":[0,0],"2":[0,0],"3":[0,0],"4":[0,0],"5":[0,0],"6":[0,0]}}
,"D:\\Program Files\\AnitiGravity\\chatsystem\\server\\controllers\\userController.js": {"path":"D:\\Program Files\\AnitiGravity\\chatsystem\\server\\controllers\\userController.js","statementMap":{"0":{"start":{"line":1,"column":21},"end":{"line":1,"column":56}},"1":{"start":{"line":2,"column":15},"end":{"line":2,"column":41}},"2":{"start":{"line":12,"column":29},"end":{"line":12,"column":59}},"3":{"start":{"line":13,"column":4},"end":{"line":15,"column":5}},"4":{"start":{"line":14,"column":8},"end":{"line":14,"column":39}},"5":{"start":{"line":16,"column":4},"end":{"line":16,"column":17}},"6":{"start":{"line":23,"column":4},"end":{"line":27,"column":6}},"7":{"start":{"line":24,"column":8},"end":{"line":26,"column":64}},"8":{"start":{"line":34,"column":20},"end":{"line":34,"column":43}},"9":{"start":{"line":35,"column":18},"end":{"line":40,"column":11}},"10":{"start":{"line":36,"column":21},"end":{"line":36,"column":36}},"11":{"start":{"line":37,"column":19},"end":{"line":40,"column":9}},"12":{"start":{"line":43,"column":27},"end":{"line":43,"column":36}},"13":{"start":{"line":44,"column":4},"end":{"line":44,"column":58}},"14":{"start":{"line":44,"column":23},"end":{"line":44,"column":56}},"15":{"start":{"line":45,"column":4},"end":{"line":45,"column":47}},"16":{"start":{"line":52,"column":4},"end":{"line":52,"column":36}},"17":{"start":{"line":53,"column":4},"end":{"line":53,"column":43}},"18":{"start":{"line":54,"column":4},"end":{"line":54,"column":48}},"19":{"start":{"line":61,"column":4},"end":{"line":61,"column":35}},"20":{"start":{"line":62,"column":4},"end":{"line":62,"column":51}},"21":{"start":{"line":69,"column":21},"end":{"line":69,"column":48}},"22":{"start":{"line":70,"column":4},"end":{"line":70,"column":62}},"23":{"start":{"line":73,"column":0},"end":{"line":80,"column":2}}},"fnMap":{"0":{"name":"validateUsername","decl":{"start":{"line":11,"column":9},"end":{"line":11,"column":25}},"loc":{"start":{"line":11,"column":36},"end":{"line":17,"column":1}},"line":11},"1":{"name":"isUsernameTaken","decl":{"start":{"line":22,"column":9},"end":{"line":22,"column":24}},"loc":{"start":{"line":22,"column":63},"end":{"line":28,"column":1}},"line":22},"2":{"name":"(anonymous_2)","decl":{"start":{"line":23,"column":56},"end":{"line":23,"column":57}},"loc":{"start":{"line":24,"column":8},"end":{"line":26,"column":64}},"line":24},"3":{"name":"getConnectedUsers","decl":{"start":{"line":33,"column":15},"end":{"line":33,"column":32}},"loc":{"start":{"line":33,"column":37},"end":{"line":46,"column":1}},"line":33},"4":{"name":"(anonymous_4)","decl":{"start":{"line":36,"column":16},"end":{"line":36,"column":17}},"loc":{"start":{"line":36,"column":21},"end":{"line":36,"column":36}},"line":36},"5":{"name":"(anonymous_5)","decl":{"start":{"line":37,"column":13},"end":{"line":37,"column":14}},"loc":{"start":{"line":37,"column":19},"end":{"line":40,"column":9}},"line":37},"6":{"name":"(anonymous_6)","decl":{"start":{"line":44,"column":18},"end":{"line":44,"column":19}},"loc":{"start":{"line":44,"column":23},"end":{"line":44,"column":56}},"line":44},"7":{"name":"registerUser","decl":{"start":{"line":51,"column":9},"end":{"line":51,"column":21}},"loc":{"start":{"line":51,"column":55},"end":{"line":55,"column":1}},"line":51},"8":{"name":"unregisterUser","decl":{"start":{"line":60,"column":9},"end":{"line":60,"column":23}},"loc":{"start":{"line":60,"column":49},"end":{"line":63,"column":1}},"line":60},"9":{"name":"findSocketByUsername","decl":{"start":{"line":68,"column":9},"end":{"line":68,"column":29}},"loc":{"start":{"line":68,"column":59},"end":{"line":71,"column":1}},"line":68}},"branchMap":{"0":{"loc":{"start":{"line":13,"column":4},"end":{"line":15,"column":5}},"type":"if","locations":[{"start":{"line":13,"column":4},"end":{"line":15,"column":5}},{"start":{},"end":{}}],"line":13},"1":{"loc":{"start":{"line":22,"column":39},"end":{"line":22,"column":61}},"type":"default-arg","locations":[{"start":{"line":22,"column":57},"end":{"line":22,"column":61}}],"line":22},"2":{"loc":{"start":{"line":24,"column":8},"end":{"line":26,"column":64}},"type":"binary-expr","locations":[{"start":{"line":24,"column":8},"end":{"line":24,"column":32}},{"start":{"line":25,"column":8},"end":{"line":25,"column":23}},{"start":{"line":26,"column":8},"end":{"line":26,"column":64}}],"line":24},"3":{"loc":{"start":{"line":70,"column":11},"end":{"line":70,"column":61}},"type":"cond-expr","locations":[{"start":{"line":70,"column":22},"end":{"line":70,"column":54}},{"start":{"line":70,"column":57},"end":{"line":70,"column":61}}],"line":70}},"s":{"0":0,"1":0,"2":0,"3":0,"4":0,"5":0,"6":0,"7":0,"8":0,"9":0,"10":0,"11":0,"12":0,"13":0,"14":0,"15":0,"16":0,"17":0,"18":0,"19":0,"20":0,"21":0,"22":0,"23":0},"f":{"0":0,"1":0,"2":0,"3":0,"4":0,"5":0,"6":0,"7":0,"8":0,"9":0},"b":{"0":[0,0],"1":[0],"2":[0,0,0],"3":[0,0]}}
,"D:\\Program Files\\AnitiGravity\\chatsystem\\server\\db\\connection.js": {"path":"D:\\Program Files\\AnitiGravity\\chatsystem\\server\\db\\connection.js","statementMap":{"0":{"start":{"line":1,"column":17},"end":{"line":1,"column":36}},"1":{"start":{"line":2,"column":15},"end":{"line":2,"column":41}},"2":{"start":{"line":3,"column":15},"end":{"line":3,"column":35}},"3":{"start":{"line":6,"column":20},"end":{"line":6,"column":82}},"4":{"start":{"line":8,"column":18},"end":{"line":41,"column":1}},"5":{"start":{"line":9,"column":4},"end":{"line":40,"column":5}},"6":{"start":{"line":10,"column":24},"end":{"line":16,"column":9}},"7":{"start":{"line":18,"column":8},"end":{"line":18,"column":53}},"8":{"start":{"line":20,"column":8},"end":{"line":20,"column":54}},"9":{"start":{"line":21,"column":8},"end":{"line":21,"column":61}},"10":{"start":{"line":24,"column":8},"end":{"line":26,"column":11}},"11":{"start":{"line":25,"column":12},"end":{"line":25,"column":59}},"12":{"start":{"line":28,"column":8},"end":{"line":30,"column":11}},"13":{"start":{"line":29,"column":12},"end":{"line":29,"column":48}},"14":{"start":{"line":32,"column":8},"end":{"line":34,"column":11}},"15":{"start":{"line":33,"column":12},"end":{"line":33,"column":47}},"16":{"start":{"line":37,"column":8},"end":{"line":37,"column":56}},"17":{"start":{"line":38,"column":8},"end":{"line":38,"column":58}},"18":{"start":{"line":43,"column":21},"end":{"line":50,"column":1}},"19":{"start":{"line":44,"column":4},"end":{"line":49,"column":5}},"20":{"start":{"line":45,"column":8},"end":{"line":45,"column":42}},"21":{"start":{"line":46,"column":8},"end":{"line":46,"column":49}},"22":{"start":{"line":48,"column":8},"end":{"line":48,"column":63}},"23":{"start":{"line":52,"column":0},"end":{"line":56,"column":2}},"24":{"start":{"line":55,"column":23},"end":{"line":55,"column":59}}},"fnMap":{"0":{"name":"(anonymous_0)","decl":{"start":{"line":8,"column":18},"end":{"line":8,"column":19}},"loc":{"start":{"line":8,"column":30},"end":{"line":41,"column":1}},"line":8},"1":{"name":"(anonymous_1)","decl":{"start":{"line":24,"column":40},"end":{"line":24,"column":41}},"loc":{"start":{"line":24,"column":49},"end":{"line":26,"column":9}},"line":24},"2":{"name":"(anonymous_2)","decl":{"start":{"line":28,"column":47},"end":{"line":28,"column":48}},"loc":{"start":{"line":28,"column":53},"end":{"line":30,"column":9}},"line":28},"3":{"name":"(anonymous_3)","decl":{"start":{"line":32,"column":46},"end":{"line":32,"column":47}},"loc":{"start":{"line":32,"column":52},"end":{"line":34,"column":9}},"line":32},"4":{"name":"(anonymous_4)","decl":{"start":{"line":43,"column":21},"end":{"line":43,"column":22}},"loc":{"start":{"line":43,"column":33},"end":{"line":50,"column":1}},"line":43},"5":{"name":"(anonymous_5)","decl":{"start":{"line":55,"column":17},"end":{"line":55,"column":18}},"loc":{"start":{"line":55,"column":23},"end":{"line":55,"column":59}},"line":55}},"branchMap":{"0":{"loc":{"start":{"line":6,"column":20},"end":{"line":6,"column":82}},"type":"binary-expr","locations":[{"start":{"line":6,"column":20},"end":{"line":6,"column":43}},{"start":{"line":6,"column":47},"end":{"line":6,"column":82}}],"line":6}},"s":{"0":0,"1":0,"2":0,"3":0,"4":0,"5":0,"6":0,"7":0,"8":0,"9":0,"10":0,"11":0,"12":0,"13":0,"14":0,"15":0,"16":0,"17":0,"18":0,"19":0,"20":0,"21":0,"22":0,"23":0,"24":0},"f":{"0":0,"1":0,"2":0,"3":0,"4":0,"5":0},"b":{"0":[0,0]}}
,"D:\\Program Files\\AnitiGravity\\chatsystem\\server\\middleware\\rateLimiter.js": {"path":"D:\\Program Files\\AnitiGravity\\chatsystem\\server\\middleware\\rateLimiter.js","statementMap":{"0":{"start":{"line":1,"column":18},"end":{"line":1,"column":47}},"1":{"start":{"line":2,"column":15},"end":{"line":2,"column":35}},"2":{"start":{"line":3,"column":15},"end":{"line":3,"column":41}},"3":{"start":{"line":8,"column":20},"end":{"line":20,"column":2}},"4":{"start":{"line":15,"column":8},"end":{"line":15,"column":73}},"5":{"start":{"line":16,"column":8},"end":{"line":18,"column":11}},"6":{"start":{"line":28,"column":8},"end":{"line":28,"column":43}},"7":{"start":{"line":29,"column":8},"end":{"line":29,"column":48}},"8":{"start":{"line":38,"column":20},"end":{"line":38,"column":30}},"9":{"start":{"line":39,"column":22},"end":{"line":39,"column":58}},"10":{"start":{"line":40,"column":25},"end":{"line":40,"column":29}},"11":{"start":{"line":42,"column":8},"end":{"line":44,"column":9}},"12":{"start":{"line":43,"column":12},"end":{"line":43,"column":53}},"13":{"start":{"line":46,"column":27},"end":{"line":46,"column":63}},"14":{"start":{"line":49,"column":32},"end":{"line":49,"column":76}},"15":{"start":{"line":49,"column":56},"end":{"line":49,"column":75}},"16":{"start":{"line":51,"column":8},"end":{"line":54,"column":9}},"17":{"start":{"line":52,"column":12},"end":{"line":52,"column":69}},"18":{"start":{"line":53,"column":12},"end":{"line":53,"column":25}},"19":{"start":{"line":57,"column":8},"end":{"line":57,"column":34}},"20":{"start":{"line":58,"column":8},"end":{"line":58,"column":62}},"21":{"start":{"line":60,"column":8},"end":{"line":60,"column":20}},"22":{"start":{"line":69,"column":20},"end":{"line":69,"column":30}},"23":{"start":{"line":70,"column":22},"end":{"line":70,"column":59}},"24":{"start":{"line":71,"column":25},"end":{"line":71,"column":30}},"25":{"start":{"line":73,"column":8},"end":{"line":75,"column":9}},"26":{"start":{"line":74,"column":12},"end":{"line":74,"column":58}},"27":{"start":{"line":77,"column":27},"end":{"line":77,"column":68}},"28":{"start":{"line":80,"column":32},"end":{"line":80,"column":76}},"29":{"start":{"line":80,"column":56},"end":{"line":80,"column":75}},"30":{"start":{"line":82,"column":8},"end":{"line":85,"column":9}},"31":{"start":{"line":83,"column":12},"end":{"line":83,"column":75}},"32":{"start":{"line":84,"column":12},"end":{"line":84,"column":25}},"33":{"start":{"line":88,"column":8},"end":{"line":88,"column":34}},"34":{"start":{"line":89,"column":8},"end":{"line":89,"column":67}},"35":{"start":{"line":91,"column":8},"end":{"line":91,"column":20}},"36":{"start":{"line":99,"column":8},"end":{"line":99,"column":48}},"37":{"start":{"line":100,"column":8},"end":{"line":100,"column":53}},"38":{"start":{"line":107,"column":20},"end":{"line":107,"column":30}},"39":{"start":{"line":110,"column":8},"end":{"line":117,"column":9}},"40":{"start":{"line":111,"column":36},"end":{"line":111,"column":76}},"41":{"start":{"line":111,"column":60},"end":{"line":111,"column":75}},"42":{"start":{"line":112,"column":12},"end":{"line":116,"column":13}},"43":{"start":{"line":113,"column":16},"end":{"line":113,"column":56}},"44":{"start":{"line":115,"column":16},"end":{"line":115,"column":70}},"45":{"start":{"line":120,"column":8},"end":{"line":127,"column":9}},"46":{"start":{"line":121,"column":36},"end":{"line":121,"column":77}},"47":{"start":{"line":121,"column":60},"end":{"line":121,"column":76}},"48":{"start":{"line":122,"column":12},"end":{"line":126,"column":13}},"49":{"start":{"line":123,"column":16},"end":{"line":123,"column":61}},"50":{"start":{"line":125,"column":16},"end":{"line":125,"column":75}},"51":{"start":{"line":129,"column":8},"end":{"line":129,"column":64}},"52":{"start":{"line":134,"column":26},"end":{"line":134,"column":49}},"53":{"start":{"line":137,"column":0},"end":{"line":139,"column":18}},"54":{"start":{"line":138,"column":4},"end":{"line":138,"column":40}},"55":{"start":{"line":141,"column":0},"end":{"line":144,"column":2}}},"fnMap":{"0":{"name":"(anonymous_0)","decl":{"start":{"line":14,"column":13},"end":{"line":14,"column":14}},"loc":{"start":{"line":14,"column":27},"end":{"line":19,"column":5}},"line":14},"1":{"name":"(anonymous_1)","decl":{"start":{"line":27,"column":4},"end":{"line":27,"column":5}},"loc":{"start":{"line":27,"column":18},"end":{"line":30,"column":5}},"line":27},"2":{"name":"(anonymous_2)","decl":{"start":{"line":37,"column":4},"end":{"line":37,"column":5}},"loc":{"start":{"line":37,"column":31},"end":{"line":61,"column":5}},"line":37},"3":{"name":"(anonymous_3)","decl":{"start":{"line":49,"column":50},"end":{"line":49,"column":51}},"loc":{"start":{"line":49,"column":56},"end":{"line":49,"column":75}},"line":49},"4":{"name":"(anonymous_4)","decl":{"start":{"line":68,"column":4},"end":{"line":68,"column":5}},"loc":{"start":{"line":68,"column":36},"end":{"line":92,"column":5}},"line":68},"5":{"name":"(anonymous_5)","decl":{"start":{"line":80,"column":50},"end":{"line":80,"column":51}},"loc":{"start":{"line":80,"column":56},"end":{"line":80,"column":75}},"line":80},"6":{"name":"(anonymous_6)","decl":{"start":{"line":98,"column":4},"end":{"line":98,"column":5}},"loc":{"start":{"line":98,"column":22},"end":{"line":101,"column":5}},"line":98},"7":{"name":"(anonymous_7)","decl":{"start":{"line":106,"column":4},"end":{"line":106,"column":5}},"loc":{"start":{"line":106,"column":22},"end":{"line":130,"column":5}},"line":106},"8":{"name":"(anonymous_8)","decl":{"start":{"line":111,"column":54},"end":{"line":111,"column":55}},"loc":{"start":{"line":111,"column":60},"end":{"line":111,"column":75}},"line":111},"9":{"name":"(anonymous_9)","decl":{"start":{"line":121,"column":54},"end":{"line":121,"column":55}},"loc":{"start":{"line":121,"column":60},"end":{"line":121,"column":76}},"line":121},"10":{"name":"(anonymous_10)","decl":{"start":{"line":137,"column":12},"end":{"line":137,"column":13}},"loc":{"start":{"line":137,"column":18},"end":{"line":139,"column":1}},"line":137}},"branchMap":{"0":{"loc":{"start":{"line":42,"column":8},"end":{"line":44,"column":9}},"type":"if","locations":[{"start":{"line":42,"column":8},"end":{"line":44,"column":9}},{"start":{},"end":{}}],"line":42},"1":{"loc":{"start":{"line":51,"column":8},"end":{"line":54,"column":9}},"type":"if","locations":[{"start":{"line":51,"column":8},"end":{"line":54,"column":9}},{"start":{},"end":{}}],"line":51},"2":{"loc":{"start":{"line":73,"column":8},"end":{"line":75,"column":9}},"type":"if","locations":[{"start":{"line":73,"column":8},"end":{"line":75,"column":9}},{"start":{},"end":{}}],"line":73},"3":{"loc":{"start":{"line":82,"column":8},"end":{"line":85,"column":9}},"type":"if","locations":[{"start":{"line":82,"column":8},"end":{"line":85,"column":9}},{"start":{},"end":{}}],"line":82},"4":{"loc":{"start":{"line":112,"column":12},"end":{"line":116,"column":13}},"type":"if","locations":[{"start":{"line":112,"column":12},"end":{"line":116,"column":13}},{"start":{"line":114,"column":19},"end":{"line":116,"column":13}}],"line":112},"5":{"loc":{"start":{"line":122,"column":12},"end":{"line":126,"column":13}},"type":"if","locations":[{"start":{"line":122,"column":12},"end":{"line":126,"column":13}},{"start":{"line":124,"column":19},"end":{"line":126,"column":13}}],"line":122}},"s":{"0":0,"1":0,"2":0,"3":0,"4":0,"5":0,"6":0,"7":0,"8":0,"9":0,"10":0,"11":0,"12":0,"13":0,"14":0,"15":0,"16":0,"17":0,"18":0,"19":0,"20":0,"21":0,"22":0,"23":0,"24":0,"25":0,"26":0,"27":0,"28":0,"29":0,"30":0,"31":0,"32":0,"33":0,"34":0,"35":0,"36":0,"37":0,"38":0,"39":0,"40":0,"41":0,"42":0,"43":0,"44":0,"45":0,"46":0,"47":0,"48":0,"49":0,"50":0,"51":0,"52":0,"53":0,"54":0,"55":0},"f":{"0":0,"1":0,"2":0,"3":0,"4":0,"5":0,"6":0,"7":0,"8":0,"9":0,"10":0},"b":{"0":[0,0],"1":[0,0],"2":[0,0],"3":[0,0],"4":[0,0],"5":[0,0]}}
,"D:\\Program Files\\AnitiGravity\\chatsystem\\server\\middleware\\validation.js": {"path":"D:\\Program Files\\AnitiGravity\\chatsystem\\server\\middleware\\validation.js","statementMap":{"0":{"start":{"line":1,"column":12},"end":{"line":1,"column":26}},"1":{"start":{"line":2,"column":15},"end":{"line":2,"column":35}},"2":{"start":{"line":5,"column":16},"end":{"line":51,"column":1}},"3":{"start":{"line":60,"column":19},"end":{"line":60,"column":38}},"4":{"start":{"line":61,"column":4},"end":{"line":63,"column":5}},"5":{"start":{"line":62,"column":8},"end":{"line":62,"column":68}},"6":{"start":{"line":64,"column":4},"end":{"line":64,"column":33}},"7":{"start":{"line":73,"column":4},"end":{"line":73,"column":46}},"8":{"start":{"line":73,"column":34},"end":{"line":73,"column":46}},"9":{"start":{"line":75,"column":4},"end":{"line":81,"column":34}},"10":{"start":{"line":84,"column":0},"end":{"line":88,"column":2}}},"fnMap":{"0":{"name":"validate","decl":{"start":{"line":59,"column":9},"end":{"line":59,"column":17}},"loc":{"start":{"line":59,"column":36},"end":{"line":65,"column":1}},"line":59},"1":{"name":"sanitizeHTML","decl":{"start":{"line":72,"column":9},"end":{"line":72,"column":21}},"loc":{"start":{"line":72,"column":28},"end":{"line":82,"column":1}},"line":72}},"branchMap":{"0":{"loc":{"start":{"line":61,"column":4},"end":{"line":63,"column":5}},"type":"if","locations":[{"start":{"line":61,"column":4},"end":{"line":63,"column":5}},{"start":{},"end":{}}],"line":61},"1":{"loc":{"start":{"line":73,"column":4},"end":{"line":73,"column":46}},"type":"if","locations":[{"start":{"line":73,"column":4},"end":{"line":73,"column":46}},{"start":{},"end":{}}],"line":73}},"s":{"0":0,"1":0,"2":0,"3":0,"4":0,"5":0,"6":0,"7":0,"8":0,"9":0,"10":0},"f":{"0":0,"1":0},"b":{"0":[0,0],"1":[0,0]}}
,"D:\\Program Files\\AnitiGravity\\chatsystem\\server\\models\\Message.js": {"path":"D:\\Program Files\\AnitiGravity\\chatsystem\\server\\models\\Message.js","statementMap":{"0":{"start":{"line":1,"column":17},"end":{"line":1,"column":36}},"1":{"start":{"line":3,"column":22},"end":{"line":31,"column":2}},"2":{"start":{"line":34,"column":0},"end":{"line":34,"column":52}},"3":{"start":{"line":36,"column":16},"end":{"line":36,"column":56}},"4":{"start":{"line":38,"column":0},"end":{"line":38,"column":25}}},"fnMap":{},"branchMap":{},"s":{"0":0,"1":0,"2":0,"3":0,"4":0},"f":{},"b":{}}
,"D:\\Program Files\\AnitiGravity\\chatsystem\\server\\models\\Room.js": {"path":"D:\\Program Files\\AnitiGravity\\chatsystem\\server\\models\\Room.js","statementMap":{"0":{"start":{"line":1,"column":17},"end":{"line":1,"column":36}},"1":{"start":{"line":3,"column":19},"end":{"line":43,"column":2}},"2":{"start":{"line":46,"column":0},"end":{"line":46,"column":30}},"3":{"start":{"line":47,"column":0},"end":{"line":47,"column":41}},"4":{"start":{"line":48,"column":0},"end":{"line":48,"column":38}},"5":{"start":{"line":50,"column":13},"end":{"line":50,"column":47}},"6":{"start":{"line":52,"column":0},"end":{"line":52,"column":22}}},"fnMap":{},"branchMap":{},"s":{"0":0,"1":0,"2":0,"3":0,"4":0,"5":0,"6":0},"f":{},"b":{}}
,"D:\\Program Files\\AnitiGravity\\chatsystem\\server\\models\\User.js": {"path":"D:\\Program Files\\AnitiGravity\\chatsystem\\server\\models\\User.js","statementMap":{"0":{"start":{"line":1,"column":17},"end":{"line":1,"column":36}},"1":{"start":{"line":3,"column":19},"end":{"line":38,"column":2}},"2":{"start":{"line":41,"column":0},"end":{"line":41,"column":34}},"3":{"start":{"line":42,"column":0},"end":{"line":42,"column":31}},"4":{"start":{"line":44,"column":13},"end":{"line":44,"column":47}},"5":{"start":{"line":46,"column":0},"end":{"line":46,"column":22}}},"fnMap":{},"branchMap":{},"s":{"0":0,"1":0,"2":0,"3":0,"4":0,"5":0},"f":{},"b":{}}
,"D:\\Program Files\\AnitiGravity\\chatsystem\\server\\utils\\errorHandler.js": {"path":"D:\\Program Files\\AnitiGravity\\chatsystem\\server\\utils\\errorHandler.js","statementMap":{"0":{"start":{"line":1,"column":15},"end":{"line":1,"column":34}},"1":{"start":{"line":2,"column":15},"end":{"line":2,"column":35}},"2":{"start":{"line":11,"column":4},"end":{"line":16,"column":7}},"3":{"start":{"line":19,"column":24},"end":{"line":21,"column":23}},"4":{"start":{"line":23,"column":4},"end":{"line":27,"column":7}},"5":{"start":{"line":34,"column":4},"end":{"line":39,"column":7}},"6":{"start":{"line":41,"column":4},"end":{"line":45,"column":7}},"7":{"start":{"line":48,"column":0},"end":{"line":51,"column":2}}},"fnMap":{"0":{"name":"handleSocketError","decl":{"start":{"line":10,"column":9},"end":{"line":10,"column":26}},"loc":{"start":{"line":10,"column":51},"end":{"line":28,"column":1}},"line":10},"1":{"name":"handleExpressError","decl":{"start":{"line":33,"column":9},"end":{"line":33,"column":27}},"loc":{"start":{"line":33,"column":49},"end":{"line":46,"column":1}},"line":33}},"branchMap":{"0":{"loc":{"start":{"line":15,"column":15},"end":{"line":15,"column":80}},"type":"cond-expr","locations":[{"start":{"line":15,"column":57},"end":{"line":15,"column":68}},{"start":{"line":15,"column":71},"end":{"line":15,"column":80}}],"line":15},"1":{"loc":{"start":{"line":19,"column":24},"end":{"line":21,"column":23}},"type":"cond-expr","locations":[{"start":{"line":20,"column":10},"end":{"line":20,"column":48}},{"start":{"line":21,"column":10},"end":{"line":21,"column":23}}],"line":19},"2":{"loc":{"start":{"line":25,"column":14},"end":{"line":25,"column":43}},"type":"binary-expr","locations":[{"start":{"line":25,"column":14},"end":{"line":25,"column":24}},{"start":{"line":25,"column":28},"end":{"line":25,"column":43}}],"line":25},"3":{"loc":{"start":{"line":41,"column":15},"end":{"line":41,"column":32}},"type":"binary-expr","locations":[{"start":{"line":41,"column":15},"end":{"line":41,"column":25}},{"start":{"line":41,"column":29},"end":{"line":41,"column":32}}],"line":41},"4":{"loc":{"start":{"line":42,"column":15},"end":{"line":44,"column":25}},"type":"cond-expr","locations":[{"start":{"line":43,"column":14},"end":{"line":43,"column":37}},{"start":{"line":44,"column":14},"end":{"line":44,"column":25}}],"line":42}},"s":{"0":0,"1":0,"2":0,"3":0,"4":0,"5":0,"6":0,"7":0},"f":{"0":0,"1":0},"b":{"0":[0,0],"1":[0,0],"2":[0,0],"3":[0,0],"4":[0,0]}}
,"D:\\Program Files\\AnitiGravity\\chatsystem\\server\\utils\\logger.js": {"path":"D:\\Program Files\\AnitiGravity\\chatsystem\\server\\utils\\logger.js","statementMap":{"0":{"start":{"line":1,"column":16},"end":{"line":1,"column":34}},"1":{"start":{"line":2,"column":13},"end":{"line":2,"column":28}},"2":{"start":{"line":3,"column":15},"end":{"line":3,"column":35}},"3":{"start":{"line":6,"column":18},"end":{"line":11,"column":1}},"4":{"start":{"line":14,"column":22},"end":{"line":24,"column":1}},"5":{"start":{"line":18,"column":18},"end":{"line":18,"column":55}},"6":{"start":{"line":19,"column":8},"end":{"line":21,"column":9}},"7":{"start":{"line":20,"column":12},"end":{"line":20,"column":46}},"8":{"start":{"line":22,"column":8},"end":{"line":22,"column":19}},"9":{"start":{"line":27,"column":15},"end":{"line":45,"column":2}},"10":{"start":{"line":48,"column":0},"end":{"line":52,"column":1}},"11":{"start":{"line":49,"column":4},"end":{"line":51,"column":8}},"12":{"start":{"line":54,"column":0},"end":{"line":54,"column":24}}},"fnMap":{"0":{"name":"(anonymous_0)","decl":{"start":{"line":17,"column":26},"end":{"line":17,"column":27}},"loc":{"start":{"line":17,"column":70},"end":{"line":23,"column":5}},"line":17}},"branchMap":{"0":{"loc":{"start":{"line":19,"column":8},"end":{"line":21,"column":9}},"type":"if","locations":[{"start":{"line":19,"column":8},"end":{"line":21,"column":9}},{"start":{},"end":{}}],"line":19},"1":{"loc":{"start":{"line":28,"column":11},"end":{"line":28,"column":68}},"type":"cond-expr","locations":[{"start":{"line":28,"column":52},"end":{"line":28,"column":58}},{"start":{"line":28,"column":61},"end":{"line":28,"column":68}}],"line":28},"2":{"loc":{"start":{"line":48,"column":0},"end":{"line":52,"column":1}},"type":"if","locations":[{"start":{"line":48,"column":0},"end":{"line":52,"column":1}},{"start":{},"end":{}}],"line":48}},"s":{"0":0,"1":0,"2":0,"3":0,"4":0,"5":0,"6":0,"7":0,"8":0,"9":0,"10":0,"11":0,"12":0},"f":{"0":0},"b":{"0":[0,0],"1":[0,0],"2":[0,0]}}
}
