TN:
SF:server.js
FN:55,loadData
FN:72,(anonymous_1)
FN:93,(anonymous_2)
FN:95,(anonymous_3)
FN:104,(anonymous_4)
FN:110,(anonymous_5)
FN:135,(anonymous_6)
FN:156,(anonymous_7)
FN:167,(anonymous_8)
FN:188,(anonymous_9)
FN:201,(anonymous_10)
FN:211,(anonymous_11)
FN:239,(anonymous_12)
FN:259,(anonymous_13)
FN:264,(anonymous_14)
FN:285,(anonymous_15)
FN:323,(anonymous_16)
FN:340,(anonymous_17)
FN:356,(anonymous_18)
FN:358,(anonymous_19)
FN:375,(anonymous_20)
FN:408,(anonymous_21)
FN:449,(anonymous_22)
FN:473,joinRoom
FN:496,(anonymous_24)
FN:533,broadcastGlobalUsers
FN:536,(anonymous_26)
FN:537,(anonymous_27)
FN:544,(anonymous_28)
FN:550,getRoomList
FN:552,(anonymous_30)
FN:553,(anonymous_31)
FN:562,checkRoomEmpty
FN:579,(anonymous_33)
FN:595,(anonymous_34)
FN:630,(anonymous_35)
FN:642,(anonymous_36)
FN:651,(anonymous_37)
FN:660,(anonymous_38)
FN:668,(anonymous_39)
FN:674,(anonymous_40)
FN:680,(anonymous_41)
FNF:42
FNH:0
FNDA:0,loadData
FNDA:0,(anonymous_1)
FNDA:0,(anonymous_2)
FNDA:0,(anonymous_3)
FNDA:0,(anonymous_4)
FNDA:0,(anonymous_5)
FNDA:0,(anonymous_6)
FNDA:0,(anonymous_7)
FNDA:0,(anonymous_8)
FNDA:0,(anonymous_9)
FNDA:0,(anonymous_10)
FNDA:0,(anonymous_11)
FNDA:0,(anonymous_12)
FNDA:0,(anonymous_13)
FNDA:0,(anonymous_14)
FNDA:0,(anonymous_15)
FNDA:0,(anonymous_16)
FNDA:0,(anonymous_17)
FNDA:0,(anonymous_18)
FNDA:0,(anonymous_19)
FNDA:0,(anonymous_20)
FNDA:0,(anonymous_21)
FNDA:0,(anonymous_22)
FNDA:0,joinRoom
FNDA:0,(anonymous_24)
FNDA:0,broadcastGlobalUsers
FNDA:0,(anonymous_26)
FNDA:0,(anonymous_27)
FNDA:0,(anonymous_28)
FNDA:0,getRoomList
FNDA:0,(anonymous_30)
FNDA:0,(anonymous_31)
FNDA:0,checkRoomEmpty
FNDA:0,(anonymous_33)
FNDA:0,(anonymous_34)
FNDA:0,(anonymous_35)
FNDA:0,(anonymous_36)
FNDA:0,(anonymous_37)
FNDA:0,(anonymous_38)
FNDA:0,(anonymous_39)
FNDA:0,(anonymous_40)
FNDA:0,(anonymous_41)
DA:1,0
DA:2,0
DA:3,0
DA:4,0
DA:5,0
DA:6,0
DA:7,0
DA:8,0
DA:9,0
DA:12,0
DA:13,0
DA:14,0
DA:15,0
DA:16,0
DA:18,0
DA:19,0
DA:20,0
DA:23,0
DA:27,0
DA:30,0
DA:33,0
DA:42,0
DA:45,0
DA:48,0
DA:56,0
DA:57,0
DA:58,0
DA:59,0
DA:60,0
DA:62,0
DA:65,0
DA:72,0
DA:73,0
DA:74,0
DA:75,0
DA:76,0
DA:85,0
DA:86,0
DA:88,0
DA:93,0
DA:95,0
DA:96,0
DA:99,0
DA:104,0
DA:105,0
DA:108,0
DA:110,0
DA:111,0
DA:113,0
DA:114,0
DA:115,0
DA:119,0
DA:120,0
DA:121,0
DA:122,0
DA:126,0
DA:127,0
DA:128,0
DA:129,0
DA:130,0
DA:135,0
DA:136,0
DA:137,0
DA:138,0
DA:142,0
DA:144,0
DA:145,0
DA:147,0
DA:148,0
DA:150,0
DA:152,0
DA:156,0
DA:157,0
DA:158,0
DA:160,0
DA:161,0
DA:162,0
DA:163,0
DA:167,0
DA:168,0
DA:173,0
DA:174,0
DA:175,0
DA:178,0
DA:179,0
DA:182,0
DA:184,0
DA:188,0
DA:189,0
DA:190,0
DA:191,0
DA:192,0
DA:193,0
DA:195,0
DA:197,0
DA:201,0
DA:202,0
DA:204,0
DA:205,0
DA:206,0
DA:207,0
DA:211,0
DA:212,0
DA:217,0
DA:218,0
DA:219,0
DA:222,0
DA:225,0
DA:226,0
DA:228,0
DA:230,0
DA:231,0
DA:233,0
DA:235,0
DA:239,0
DA:240,0
DA:241,0
DA:242,0
DA:243,0
DA:244,0
DA:245,0
DA:248,0
DA:249,0
DA:250,0
DA:252,0
DA:255,0
DA:259,0
DA:260,0
DA:261,0
DA:264,0
DA:265,0
DA:267,0
DA:268,0
DA:269,0
DA:273,0
DA:274,0
DA:275,0
DA:276,0
DA:280,0
DA:283,0
DA:284,0
DA:285,0
DA:287,0
DA:288,0
DA:289,0
DA:290,0
DA:291,0
DA:292,0
DA:299,0
DA:306,0
DA:307,0
DA:308,0
DA:309,0
DA:313,0
DA:316,0
DA:317,0
DA:319,0
DA:320,0
DA:323,0
DA:325,0
DA:326,0
DA:327,0
DA:328,0
DA:329,0
DA:330,0
DA:336,0
DA:340,0
DA:341,0
DA:344,0
DA:346,0
DA:347,0
DA:350,0
DA:351,0
DA:353,0
DA:356,0
DA:357,0
DA:358,0
DA:359,0
DA:361,0
DA:362,0
DA:363,0
DA:364,0
DA:365,0
DA:366,0
DA:375,0
DA:376,0
DA:377,0
DA:379,0
DA:380,0
DA:381,0
DA:382,0
DA:383,0
DA:384,0
DA:391,0
DA:392,0
DA:397,0
DA:400,0
DA:402,0
DA:403,0
DA:408,0
DA:409,0
DA:410,0
DA:411,0
DA:413,0
DA:414,0
DA:415,0
DA:419,0
DA:420,0
DA:422,0
DA:423,0
DA:425,0
DA:426,0
DA:427,0
DA:429,0
DA:430,0
DA:431,0
DA:436,0
DA:439,0
DA:441,0
DA:442,0
DA:445,0
DA:449,0
DA:450,0
DA:451,0
DA:453,0
DA:454,0
DA:456,0
DA:457,0
DA:461,0
DA:463,0
DA:466,0
DA:474,0
DA:475,0
DA:476,0
DA:477,0
DA:481,0
DA:482,0
DA:483,0
DA:484,0
DA:487,0
DA:488,0
DA:489,0
DA:490,0
DA:495,0
DA:496,0
DA:497,0
DA:498,0
DA:499,0
DA:500,0
DA:504,0
DA:505,0
DA:506,0
DA:507,0
DA:510,0
DA:511,0
DA:519,0
DA:520,0
DA:521,0
DA:524,0
DA:528,0
DA:529,0
DA:530,0
DA:534,0
DA:535,0
DA:536,0
DA:537,0
DA:543,0
DA:544,0
DA:545,0
DA:547,0
DA:551,0
DA:552,0
DA:553,0
DA:563,0
DA:564,0
DA:565,0
DA:567,0
DA:568,0
DA:569,0
DA:570,0
DA:574,0
DA:575,0
DA:577,0
DA:579,0
DA:580,0
DA:581,0
DA:582,0
DA:583,0
DA:584,0
DA:585,0
DA:589,0
DA:590,0
DA:591,0
DA:592,0
DA:593,0
DA:594,0
DA:595,0
DA:596,0
DA:597,0
DA:598,0
DA:599,0
DA:600,0
DA:601,0
DA:605,0
DA:606,0
DA:607,0
DA:608,0
DA:612,0
DA:613,0
DA:615,0
DA:616,0
DA:617,0
DA:620,0
DA:621,0
DA:622,0
DA:630,0
DA:631,0
DA:633,0
DA:634,0
DA:637,0
DA:638,0
DA:639,0
DA:642,0
DA:643,0
DA:647,0
DA:651,0
DA:652,0
DA:660,0
DA:661,0
DA:665,0
DA:668,0
DA:669,0
DA:670,0
DA:674,0
DA:675,0
DA:678,0
DA:680,0
DA:681,0
DA:682,0
LF:339
LH:0
BRDA:57,0,0,0
BRDA:57,0,1,0
BRDA:82,1,0,0
BRDA:82,1,1,0
BRDA:113,2,0,0
BRDA:113,2,1,0
BRDA:120,3,0,0
BRDA:120,3,1,0
BRDA:126,4,0,0
BRDA:126,4,1,0
BRDA:128,5,0,0
BRDA:128,5,1,0
BRDA:136,6,0,0
BRDA:136,6,1,0
BRDA:142,7,0,0
BRDA:142,7,1,0
BRDA:144,8,0,0
BRDA:144,8,1,0
BRDA:150,9,0,0
BRDA:150,9,1,0
BRDA:158,10,0,0
BRDA:158,10,1,0
BRDA:161,11,0,0
BRDA:161,11,1,0
BRDA:168,12,0,0
BRDA:168,12,1,0
BRDA:168,12,2,0
BRDA:173,13,0,0
BRDA:173,13,1,0
BRDA:192,14,0,0
BRDA:192,14,1,0
BRDA:205,15,0,0
BRDA:205,15,1,0
BRDA:212,16,0,0
BRDA:212,16,1,0
BRDA:212,16,2,0
BRDA:217,17,0,0
BRDA:217,17,1,0
BRDA:225,18,0,0
BRDA:225,18,1,0
BRDA:241,19,0,0
BRDA:241,19,1,0
BRDA:243,20,0,0
BRDA:243,20,1,0
BRDA:267,21,0,0
BRDA:267,21,1,0
BRDA:274,22,0,0
BRDA:274,22,1,0
BRDA:283,23,0,0
BRDA:283,23,1,0
BRDA:283,24,0,0
BRDA:283,24,1,0
BRDA:284,25,0,0
BRDA:284,25,1,0
BRDA:287,26,0,0
BRDA:287,26,1,0
BRDA:289,27,0,0
BRDA:289,27,1,0
BRDA:291,28,0,0
BRDA:291,28,1,0
BRDA:291,29,0,0
BRDA:291,29,1,0
BRDA:307,30,0,0
BRDA:307,30,1,0
BRDA:316,31,0,0
BRDA:316,31,1,0
BRDA:316,32,0,0
BRDA:316,32,1,0
BRDA:316,32,2,0
BRDA:319,33,0,0
BRDA:319,33,1,0
BRDA:319,34,0,0
BRDA:319,34,1,0
BRDA:323,35,0,0
BRDA:323,35,1,0
BRDA:325,36,0,0
BRDA:325,36,1,0
BRDA:327,37,0,0
BRDA:327,37,1,0
BRDA:329,38,0,0
BRDA:329,38,1,0
BRDA:329,39,0,0
BRDA:329,39,1,0
BRDA:346,40,0,0
BRDA:346,40,1,0
BRDA:346,41,0,0
BRDA:346,41,1,0
BRDA:351,42,0,0
BRDA:351,42,1,0
BRDA:357,43,0,0
BRDA:357,43,1,0
BRDA:357,44,0,0
BRDA:357,44,1,0
BRDA:357,44,2,0
BRDA:361,45,0,0
BRDA:361,45,1,0
BRDA:363,46,0,0
BRDA:363,46,1,0
BRDA:365,47,0,0
BRDA:365,47,1,0
BRDA:376,48,0,0
BRDA:376,48,1,0
BRDA:379,49,0,0
BRDA:379,49,1,0
BRDA:381,50,0,0
BRDA:381,50,1,0
BRDA:383,51,0,0
BRDA:383,51,1,0
BRDA:402,52,0,0
BRDA:402,52,1,0
BRDA:413,53,0,0
BRDA:413,53,1,0
BRDA:413,54,0,0
BRDA:413,54,1,0
BRDA:420,55,0,0
BRDA:420,55,1,0
BRDA:422,56,0,0
BRDA:422,56,1,0
BRDA:429,57,0,0
BRDA:429,57,1,0
BRDA:454,58,0,0
BRDA:454,58,1,0
BRDA:456,59,0,0
BRDA:456,59,1,0
BRDA:475,60,0,0
BRDA:475,60,1,0
BRDA:481,61,0,0
BRDA:481,61,1,0
BRDA:482,62,0,0
BRDA:482,62,1,0
BRDA:488,63,0,0
BRDA:488,63,1,0
BRDA:497,64,0,0
BRDA:497,64,1,0
BRDA:510,65,0,0
BRDA:510,65,1,0
BRDA:510,66,0,0
BRDA:510,66,1,0
BRDA:514,67,0,0
BRDA:514,67,1,0
BRDA:519,68,0,0
BRDA:519,68,1,0
BRDA:552,69,0,0
BRDA:552,69,1,0
BRDA:556,70,0,0
BRDA:556,70,1,0
BRDA:557,71,0,0
BRDA:557,71,1,0
BRDA:563,72,0,0
BRDA:563,72,1,0
BRDA:564,73,0,0
BRDA:564,73,1,0
BRDA:565,74,0,0
BRDA:565,74,1,0
BRDA:565,75,0,0
BRDA:565,75,1,0
BRDA:568,76,0,0
BRDA:568,76,1,0
BRDA:569,77,0,0
BRDA:569,77,1,0
BRDA:570,78,0,0
BRDA:570,78,1,0
BRDA:577,79,0,0
BRDA:577,79,1,0
BRDA:580,80,0,0
BRDA:580,80,1,0
BRDA:591,81,0,0
BRDA:591,81,1,0
BRDA:593,82,0,0
BRDA:593,82,1,0
BRDA:596,83,0,0
BRDA:596,83,1,0
BRDA:612,84,0,0
BRDA:612,84,1,0
BRDA:615,85,0,0
BRDA:615,85,1,0
BRDA:633,86,0,0
BRDA:633,86,1,0
BRDA:638,87,0,0
BRDA:638,87,1,0
BRDA:643,88,0,0
BRDA:643,88,1,0
BRF:182
BRH:0
end_of_record
TN:
SF:config\index.js
FNF:0
FNH:0
DA:1,0
DA:3,0
LF:2
LH:0
BRDA:5,0,0,0
BRDA:5,0,1,0
BRDA:6,1,0,0
BRDA:6,1,1,0
BRDA:10,2,0,0
BRDA:10,2,1,0
BRDA:11,3,0,0
BRDA:11,3,1,0
BRDA:15,4,0,0
BRDA:15,4,1,0
BRDA:16,5,0,0
BRDA:16,5,1,0
BRDA:17,6,0,0
BRDA:17,6,1,0
BRDA:18,7,0,0
BRDA:18,7,1,0
BRDA:22,8,0,0
BRDA:22,8,1,0
BRDA:23,9,0,0
BRDA:23,9,1,0
BRDA:24,10,0,0
BRDA:24,10,1,0
BRDA:25,11,0,0
BRDA:25,11,1,0
BRDA:29,12,0,0
BRDA:29,12,1,0
BRDA:33,13,0,0
BRDA:33,13,1,0
BRF:28
BRH:0
end_of_record
TN:
SF:controllers\messageController.js
FN:11,validateMessage
FN:22,createMessage
FN:36,isRecipientInDnd
FN:47,sendToRecipient
FNF:4
FNH:0
FNDA:0,validateMessage
FNDA:0,createMessage
FNDA:0,isRecipientInDnd
FNDA:0,sendToRecipient
DA:1,0
DA:2,0
DA:12,0
DA:13,0
DA:14,0
DA:16,0
DA:23,0
DA:37,0
DA:38,0
DA:40,0
DA:41,0
DA:48,0
DA:49,0
DA:51,0
DA:52,0
DA:53,0
DA:54,0
DA:56,0
DA:59,0
LF:19
LH:0
BRDA:13,0,0,0
BRDA:13,0,1,0
BRDA:22,1,0,0
BRDA:22,2,0,0
BRDA:38,3,0,0
BRDA:38,3,1,0
BRDA:41,4,0,0
BRDA:41,4,1,0
BRDA:49,5,0,0
BRDA:49,5,1,0
BRDA:52,6,0,0
BRDA:52,6,1,0
BRDA:52,7,0,0
BRDA:52,7,1,0
BRF:14
BRH:0
end_of_record
TN:
SF:controllers\roomController.js
FN:14,getRoomList
FN:16,(anonymous_1)
FN:17,(anonymous_2)
FN:28,createRoom
FN:46,verifyRoomPassword
FN:56,findRoomCaseInsensitive
FN:57,(anonymous_6)
FN:63,createSystemMessage
FNF:8
FNH:0
FNDA:0,getRoomList
FNDA:0,(anonymous_1)
FNDA:0,(anonymous_2)
FNDA:0,createRoom
FNDA:0,verifyRoomPassword
FNDA:0,findRoomCaseInsensitive
FNDA:0,(anonymous_6)
FNDA:0,createSystemMessage
DA:1,0
DA:2,0
DA:3,0
DA:4,0
DA:5,0
DA:15,0
DA:16,0
DA:17,0
DA:30,0
DA:34,0
DA:47,0
DA:48,0
DA:50,0
DA:57,0
DA:64,0
DA:73,0
LF:16
LH:0
BRDA:16,0,0,0
BRDA:16,0,1,0
BRDA:20,1,0,0
BRDA:20,1,1,0
BRDA:21,2,0,0
BRDA:21,2,1,0
BRDA:30,3,0,0
BRDA:30,3,1,0
BRDA:37,4,0,0
BRDA:37,4,1,0
BRDA:47,5,0,0
BRDA:47,5,1,0
BRDA:48,6,0,0
BRDA:48,6,1,0
BRF:14
BRH:0
end_of_record
TN:
SF:controllers\userController.js
FN:11,validateUsername
FN:22,isUsernameTaken
FN:23,(anonymous_2)
FN:33,getConnectedUsers
FN:36,(anonymous_4)
FN:37,(anonymous_5)
FN:44,(anonymous_6)
FN:51,registerUser
FN:60,unregisterUser
FN:68,findSocketByUsername
FNF:10
FNH:0
FNDA:0,validateUsername
FNDA:0,isUsernameTaken
FNDA:0,(anonymous_2)
FNDA:0,getConnectedUsers
FNDA:0,(anonymous_4)
FNDA:0,(anonymous_5)
FNDA:0,(anonymous_6)
FNDA:0,registerUser
FNDA:0,unregisterUser
FNDA:0,findSocketByUsername
DA:1,0
DA:2,0
DA:12,0
DA:13,0
DA:14,0
DA:16,0
DA:23,0
DA:24,0
DA:34,0
DA:35,0
DA:36,0
DA:37,0
DA:43,0
DA:44,0
DA:45,0
DA:52,0
DA:53,0
DA:54,0
DA:61,0
DA:62,0
DA:69,0
DA:70,0
DA:73,0
LF:23
LH:0
BRDA:13,0,0,0
BRDA:13,0,1,0
BRDA:22,1,0,0
BRDA:24,2,0,0
BRDA:24,2,1,0
BRDA:24,2,2,0
BRDA:70,3,0,0
BRDA:70,3,1,0
BRF:8
BRH:0
end_of_record
TN:
SF:db\connection.js
FN:8,(anonymous_0)
FN:24,(anonymous_1)
FN:28,(anonymous_2)
FN:32,(anonymous_3)
FN:43,(anonymous_4)
FN:55,(anonymous_5)
FNF:6
FNH:0
FNDA:0,(anonymous_0)
FNDA:0,(anonymous_1)
FNDA:0,(anonymous_2)
FNDA:0,(anonymous_3)
FNDA:0,(anonymous_4)
FNDA:0,(anonymous_5)
DA:1,0
DA:2,0
DA:3,0
DA:6,0
DA:8,0
DA:9,0
DA:10,0
DA:18,0
DA:20,0
DA:21,0
DA:24,0
DA:25,0
DA:28,0
DA:29,0
DA:32,0
DA:33,0
DA:37,0
DA:38,0
DA:43,0
DA:44,0
DA:45,0
DA:46,0
DA:48,0
DA:52,0
DA:55,0
LF:25
LH:0
BRDA:6,0,0,0
BRDA:6,0,1,0
BRF:2
BRH:0
end_of_record
TN:
SF:middleware\rateLimiter.js
FN:14,(anonymous_0)
FN:27,(anonymous_1)
FN:37,(anonymous_2)
FN:49,(anonymous_3)
FN:68,(anonymous_4)
FN:80,(anonymous_5)
FN:98,(anonymous_6)
FN:106,(anonymous_7)
FN:111,(anonymous_8)
FN:121,(anonymous_9)
FN:137,(anonymous_10)
FNF:11
FNH:0
FNDA:0,(anonymous_0)
FNDA:0,(anonymous_1)
FNDA:0,(anonymous_2)
FNDA:0,(anonymous_3)
FNDA:0,(anonymous_4)
FNDA:0,(anonymous_5)
FNDA:0,(anonymous_6)
FNDA:0,(anonymous_7)
FNDA:0,(anonymous_8)
FNDA:0,(anonymous_9)
FNDA:0,(anonymous_10)
DA:1,0
DA:2,0
DA:3,0
DA:8,0
DA:15,0
DA:16,0
DA:28,0
DA:29,0
DA:38,0
DA:39,0
DA:40,0
DA:42,0
DA:43,0
DA:46,0
DA:49,0
DA:51,0
DA:52,0
DA:53,0
DA:57,0
DA:58,0
DA:60,0
DA:69,0
DA:70,0
DA:71,0
DA:73,0
DA:74,0
DA:77,0
DA:80,0
DA:82,0
DA:83,0
DA:84,0
DA:88,0
DA:89,0
DA:91,0
DA:99,0
DA:100,0
DA:107,0
DA:110,0
DA:111,0
DA:112,0
DA:113,0
DA:115,0
DA:120,0
DA:121,0
DA:122,0
DA:123,0
DA:125,0
DA:129,0
DA:134,0
DA:137,0
DA:138,0
DA:141,0
LF:52
LH:0
BRDA:42,0,0,0
BRDA:42,0,1,0
BRDA:51,1,0,0
BRDA:51,1,1,0
BRDA:73,2,0,0
BRDA:73,2,1,0
BRDA:82,3,0,0
BRDA:82,3,1,0
BRDA:112,4,0,0
BRDA:112,4,1,0
BRDA:122,5,0,0
BRDA:122,5,1,0
BRF:12
BRH:0
end_of_record
TN:
SF:middleware\validation.js
FN:59,validate
FN:72,sanitizeHTML
FNF:2
FNH:0
FNDA:0,validate
FNDA:0,sanitizeHTML
DA:1,0
DA:2,0
DA:5,0
DA:60,0
DA:61,0
DA:62,0
DA:64,0
DA:73,0
DA:75,0
DA:84,0
LF:10
LH:0
BRDA:61,0,0,0
BRDA:61,0,1,0
BRDA:73,1,0,0
BRDA:73,1,1,0
BRF:4
BRH:0
end_of_record
TN:
SF:models\Message.js
FNF:0
FNH:0
DA:1,0
DA:3,0
DA:34,0
DA:36,0
DA:38,0
LF:5
LH:0
BRF:0
BRH:0
end_of_record
TN:
SF:models\Room.js
FNF:0
FNH:0
DA:1,0
DA:3,0
DA:46,0
DA:47,0
DA:48,0
DA:50,0
DA:52,0
LF:7
LH:0
BRF:0
BRH:0
end_of_record
TN:
SF:models\User.js
FNF:0
FNH:0
DA:1,0
DA:3,0
DA:41,0
DA:42,0
DA:44,0
DA:46,0
LF:6
LH:0
BRF:0
BRH:0
end_of_record
TN:
SF:utils\errorHandler.js
FN:10,handleSocketError
FN:33,handleExpressError
FNF:2
FNH:0
FNDA:0,handleSocketError
FNDA:0,handleExpressError
DA:1,0
DA:2,0
DA:11,0
DA:19,0
DA:23,0
DA:34,0
DA:41,0
DA:48,0
LF:8
LH:0
BRDA:15,0,0,0
BRDA:15,0,1,0
BRDA:19,1,0,0
BRDA:19,1,1,0
BRDA:25,2,0,0
BRDA:25,2,1,0
BRDA:41,3,0,0
BRDA:41,3,1,0
BRDA:42,4,0,0
BRDA:42,4,1,0
BRF:10
BRH:0
end_of_record
TN:
SF:utils\logger.js
FN:17,(anonymous_0)
FNF:1
FNH:0
FNDA:0,(anonymous_0)
DA:1,0
DA:2,0
DA:3,0
DA:6,0
DA:14,0
DA:18,0
DA:19,0
DA:20,0
DA:22,0
DA:27,0
DA:48,0
DA:49,0
DA:54,0
LF:13
LH:0
BRDA:19,0,0,0
BRDA:19,0,1,0
BRDA:28,1,0,0
BRDA:28,1,1,0
BRDA:48,2,0,0
BRDA:48,2,1,0
BRF:6
BRH:0
end_of_record
